INFO - 2024-11-26 01:11:38 --> Session: Class initialized using 'CodeIgniter\Session\Handlers\FileHandler' driver.
INFO - 2024-11-26 01:11:49 --> Session: Class initialized using 'CodeIgniter\Session\Handlers\FileHandler' driver.
INFO - 2024-11-26 01:13:21 --> Session: Class initialized using 'CodeIgniter\Session\Handlers\FileHandler' driver.
INFO - 2024-11-26 02:05:53 --> Session: Class initialized using 'CodeIgniter\Session\Handlers\FileHandler' driver.
CRITICAL - 2024-11-26 02:05:53 --> ErrorException: Undefined variable $jumlahBangunan
[Method: GET, Route: dashboard]
in APPPATH\Views\index.php on line 36.
 1 APPPATH\Views\index.php(36): CodeIgniter\Debug\Exceptions->errorHandler(2, 'Undefined variable $jumlahBangunan', 'C:\\xampp\\htdocs\\surat_izin_rumdis\\app\\Views\\index.php', 36)
 2 SYSTEMPATH\View\View.php(234): include('C:\\xampp\\htdocs\\surat_izin_rumdis\\app\\Views\\index.php')
 3 SYSTEMPATH\View\View.php(237): CodeIgniter\View\View->CodeIgniter\View\{closure}()
 4 SYSTEMPATH\Common.php(1171): CodeIgniter\View\View->render('index', [], true)
 5 APPPATH\Controllers\DashboardController.php(23): view('index', [...])
 6 SYSTEMPATH\CodeIgniter.php(933): App\Controllers\DashboardController->index()
 7 SYSTEMPATH\CodeIgniter.php(509): CodeIgniter\CodeIgniter->runController(Object(App\Controllers\DashboardController))
 8 SYSTEMPATH\CodeIgniter.php(355): CodeIgniter\CodeIgniter->handleRequest(null, Object(Config\Cache), false)
 9 SYSTEMPATH\Boot.php(325): CodeIgniter\CodeIgniter->run()
10 SYSTEMPATH\Boot.php(67): CodeIgniter\Boot::runCodeIgniter(Object(CodeIgniter\CodeIgniter))
11 FCPATH\index.php(56): CodeIgniter\Boot::bootWeb(Object(Config\Paths))
12 SYSTEMPATH\rewrite.php(44): require_once('C:\\xampp\\htdocs\\surat_izin_rumdis\\public\\index.php')
CRITICAL - 2024-11-26 02:07:45 --> ErrorException: Undefined variable $jumlahTanah
[Method: GET, Route: dashboard]
in APPPATH\Views\index.php on line 47.
 1 APPPATH\Views\index.php(47): CodeIgniter\Debug\Exceptions->errorHandler(2, 'Undefined variable $jumlahTanah', 'C:\\xampp\\htdocs\\surat_izin_rumdis\\app\\Views\\index.php', 47)
 2 SYSTEMPATH\View\View.php(234): include('C:\\xampp\\htdocs\\surat_izin_rumdis\\app\\Views\\index.php')
 3 SYSTEMPATH\View\View.php(237): CodeIgniter\View\View->CodeIgniter\View\{closure}()
 4 SYSTEMPATH\Common.php(1171): CodeIgniter\View\View->render('index', [], true)
 5 APPPATH\Controllers\DashboardController.php(23): view('index', [...])
 6 SYSTEMPATH\CodeIgniter.php(933): App\Controllers\DashboardController->index()
 7 SYSTEMPATH\CodeIgniter.php(509): CodeIgniter\CodeIgniter->runController(Object(App\Controllers\DashboardController))
 8 SYSTEMPATH\CodeIgniter.php(355): CodeIgniter\CodeIgniter->handleRequest(null, Object(Config\Cache), false)
 9 SYSTEMPATH\Boot.php(325): CodeIgniter\CodeIgniter->run()
10 SYSTEMPATH\Boot.php(67): CodeIgniter\Boot::runCodeIgniter(Object(CodeIgniter\CodeIgniter))
11 FCPATH\index.php(56): CodeIgniter\Boot::bootWeb(Object(Config\Paths))
12 SYSTEMPATH\rewrite.php(44): require_once('C:\\xampp\\htdocs\\surat_izin_rumdis\\public\\index.php')
CRITICAL - 2024-11-26 02:08:08 --> ErrorException: Undefined variable $jumlahPenyewa
[Method: GET, Route: dashboard]
in APPPATH\Views\index.php on line 58.
 1 APPPATH\Views\index.php(58): CodeIgniter\Debug\Exceptions->errorHandler(2, 'Undefined variable $jumlahPenyewa', 'C:\\xampp\\htdocs\\surat_izin_rumdis\\app\\Views\\index.php', 58)
 2 SYSTEMPATH\View\View.php(234): include('C:\\xampp\\htdocs\\surat_izin_rumdis\\app\\Views\\index.php')
 3 SYSTEMPATH\View\View.php(237): CodeIgniter\View\View->CodeIgniter\View\{closure}()
 4 SYSTEMPATH\Common.php(1171): CodeIgniter\View\View->render('index', [], true)
 5 APPPATH\Controllers\DashboardController.php(23): view('index', [...])
 6 SYSTEMPATH\CodeIgniter.php(933): App\Controllers\DashboardController->index()
 7 SYSTEMPATH\CodeIgniter.php(509): CodeIgniter\CodeIgniter->runController(Object(App\Controllers\DashboardController))
 8 SYSTEMPATH\CodeIgniter.php(355): CodeIgniter\CodeIgniter->handleRequest(null, Object(Config\Cache), false)
 9 SYSTEMPATH\Boot.php(325): CodeIgniter\CodeIgniter->run()
10 SYSTEMPATH\Boot.php(67): CodeIgniter\Boot::runCodeIgniter(Object(CodeIgniter\CodeIgniter))
11 FCPATH\index.php(56): CodeIgniter\Boot::bootWeb(Object(Config\Paths))
12 SYSTEMPATH\rewrite.php(44): require_once('C:\\xampp\\htdocs\\surat_izin_rumdis\\public\\index.php')
CRITICAL - 2024-11-26 02:09:35 --> ErrorException: Undefined variable $jumlahAsn
[Method: GET, Route: dashboard]
in APPPATH\Views\index.php on line 50.
 1 APPPATH\Views\index.php(50): CodeIgniter\Debug\Exceptions->errorHandler(2, 'Undefined variable $jumlahAsn', 'C:\\xampp\\htdocs\\surat_izin_rumdis\\app\\Views\\index.php', 50)
 2 SYSTEMPATH\View\View.php(234): include('C:\\xampp\\htdocs\\surat_izin_rumdis\\app\\Views\\index.php')
 3 SYSTEMPATH\View\View.php(237): CodeIgniter\View\View->CodeIgniter\View\{closure}()
 4 SYSTEMPATH\Common.php(1171): CodeIgniter\View\View->render('index', [], true)
 5 APPPATH\Controllers\DashboardController.php(23): view('index', [...])
 6 SYSTEMPATH\CodeIgniter.php(933): App\Controllers\DashboardController->index()
 7 SYSTEMPATH\CodeIgniter.php(509): CodeIgniter\CodeIgniter->runController(Object(App\Controllers\DashboardController))
 8 SYSTEMPATH\CodeIgniter.php(355): CodeIgniter\CodeIgniter->handleRequest(null, Object(Config\Cache), false)
 9 SYSTEMPATH\Boot.php(325): CodeIgniter\CodeIgniter->run()
10 SYSTEMPATH\Boot.php(67): CodeIgniter\Boot::runCodeIgniter(Object(CodeIgniter\CodeIgniter))
11 FCPATH\index.php(56): CodeIgniter\Boot::bootWeb(Object(Config\Paths))
12 SYSTEMPATH\rewrite.php(44): require_once('C:\\xampp\\htdocs\\surat_izin_rumdis\\public\\index.php')
INFO - 2024-11-26 02:12:20 --> Session: Class initialized using 'CodeIgniter\Session\Handlers\FileHandler' driver.
CRITICAL - 2024-11-26 02:12:20 --> CodeIgniter\View\Exceptions\ViewException: Invalid file: "index.php"
[Method: GET, Route: dashboard]
in SYSTEMPATH\Exceptions\FrameworkException.php on line 41.
 1 SYSTEMPATH\View\View.php(222): CodeIgniter\Exceptions\FrameworkException::forInvalidFile('index.php')
 2 SYSTEMPATH\Common.php(1171): CodeIgniter\View\View->render('index', [], true)
 3 APPPATH\Controllers\DashboardController.php(23): view('index', [...])
 4 SYSTEMPATH\CodeIgniter.php(933): App\Controllers\DashboardController->index()
 5 SYSTEMPATH\CodeIgniter.php(509): CodeIgniter\CodeIgniter->runController(Object(App\Controllers\DashboardController))
 6 SYSTEMPATH\CodeIgniter.php(355): CodeIgniter\CodeIgniter->handleRequest(null, Object(Config\Cache), false)
 7 SYSTEMPATH\Boot.php(325): CodeIgniter\CodeIgniter->run()
 8 SYSTEMPATH\Boot.php(67): CodeIgniter\Boot::runCodeIgniter(Object(CodeIgniter\CodeIgniter))
 9 FCPATH\index.php(56): CodeIgniter\Boot::bootWeb(Object(Config\Paths))
10 SYSTEMPATH\rewrite.php(44): require_once('C:\\xampp\\htdocs\\surat_izin_rumdis\\public\\index.php')
INFO - 2024-11-26 03:16:29 --> Session: Class initialized using 'CodeIgniter\Session\Handlers\FileHandler' driver.
CRITICAL - 2024-11-26 03:16:29 --> CodeIgniter\View\Exceptions\ViewException: Invalid file: "index.php"
[Method: GET, Route: dashboard]
in SYSTEMPATH\Exceptions\FrameworkException.php on line 41.
 1 SYSTEMPATH\View\View.php(222): CodeIgniter\Exceptions\FrameworkException::forInvalidFile('index.php')
 2 SYSTEMPATH\Common.php(1171): CodeIgniter\View\View->render('index', [], true)
 3 APPPATH\Controllers\DashboardController.php(23): view('index', [...])
 4 SYSTEMPATH\CodeIgniter.php(933): App\Controllers\DashboardController->index()
 5 SYSTEMPATH\CodeIgniter.php(509): CodeIgniter\CodeIgniter->runController(Object(App\Controllers\DashboardController))
 6 SYSTEMPATH\CodeIgniter.php(355): CodeIgniter\CodeIgniter->handleRequest(null, Object(Config\Cache), false)
 7 SYSTEMPATH\Boot.php(325): CodeIgniter\CodeIgniter->run()
 8 SYSTEMPATH\Boot.php(67): CodeIgniter\Boot::runCodeIgniter(Object(CodeIgniter\CodeIgniter))
 9 FCPATH\index.php(56): CodeIgniter\Boot::bootWeb(Object(Config\Paths))
10 SYSTEMPATH\rewrite.php(44): require_once('C:\\xampp\\htdocs\\surat_izin_rumdis\\public\\index.php')
INFO - 2024-11-26 12:45:40 --> Session: Class initialized using 'CodeIgniter\Session\Handlers\FileHandler' driver.
CRITICAL - 2024-11-26 13:16:50 --> TypeError: CodeIgniter\BaseModel::findAll(): Argument #1 ($limit) must be of type ?int, array given, called in C:\xampp\htdocs\surat_izin_rumdis\app\Controllers\PermohonanController.php on line 20
[Method: GET, Route: pemohon_baru]
in SYSTEMPATH\BaseModel.php on line 654.
 1 APPPATH\Controllers\PermohonanController.php(20): CodeIgniter\BaseModel->findAll([...])
 2 SYSTEMPATH\CodeIgniter.php(933): App\Controllers\PermohonanController->index()
 3 SYSTEMPATH\CodeIgniter.php(509): CodeIgniter\CodeIgniter->runController(Object(App\Controllers\PermohonanController))
 4 SYSTEMPATH\CodeIgniter.php(355): CodeIgniter\CodeIgniter->handleRequest(null, Object(Config\Cache), false)
 5 SYSTEMPATH\Boot.php(325): CodeIgniter\CodeIgniter->run()
 6 SYSTEMPATH\Boot.php(67): CodeIgniter\Boot::runCodeIgniter(Object(CodeIgniter\CodeIgniter))
 7 FCPATH\index.php(56): CodeIgniter\Boot::bootWeb(Object(Config\Paths))
 8 SYSTEMPATH\rewrite.php(44): require_once('C:\\xampp\\htdocs\\surat_izin_rumdis\\public\\index.php')
CRITICAL - 2024-11-26 13:17:26 --> TypeError: CodeIgniter\BaseModel::findAll(): Argument #1 ($limit) must be of type ?int, array given, called in C:\xampp\htdocs\surat_izin_rumdis\app\Controllers\PermohonanController.php on line 20
[Method: GET, Route: pemohon_baru]
in SYSTEMPATH\BaseModel.php on line 654.
 1 APPPATH\Controllers\PermohonanController.php(20): CodeIgniter\BaseModel->findAll([...])
 2 SYSTEMPATH\CodeIgniter.php(933): App\Controllers\PermohonanController->index()
 3 SYSTEMPATH\CodeIgniter.php(509): CodeIgniter\CodeIgniter->runController(Object(App\Controllers\PermohonanController))
 4 SYSTEMPATH\CodeIgniter.php(355): CodeIgniter\CodeIgniter->handleRequest(null, Object(Config\Cache), false)
 5 SYSTEMPATH\Boot.php(325): CodeIgniter\CodeIgniter->run()
 6 SYSTEMPATH\Boot.php(67): CodeIgniter\Boot::runCodeIgniter(Object(CodeIgniter\CodeIgniter))
 7 FCPATH\index.php(56): CodeIgniter\Boot::bootWeb(Object(Config\Paths))
 8 SYSTEMPATH\rewrite.php(44): require_once('C:\\xampp\\htdocs\\surat_izin_rumdis\\public\\index.php')
CRITICAL - 2024-11-26 13:17:39 --> TypeError: CodeIgniter\BaseModel::findAll(): Argument #1 ($limit) must be of type ?int, array given, called in C:\xampp\htdocs\surat_izin_rumdis\app\Controllers\PermohonanController.php on line 20
[Method: GET, Route: pemohon_baru]
in SYSTEMPATH\BaseModel.php on line 654.
 1 APPPATH\Controllers\PermohonanController.php(20): CodeIgniter\BaseModel->findAll([...])
 2 SYSTEMPATH\CodeIgniter.php(933): App\Controllers\PermohonanController->index()
 3 SYSTEMPATH\CodeIgniter.php(509): CodeIgniter\CodeIgniter->runController(Object(App\Controllers\PermohonanController))
 4 SYSTEMPATH\CodeIgniter.php(355): CodeIgniter\CodeIgniter->handleRequest(null, Object(Config\Cache), false)
 5 SYSTEMPATH\Boot.php(325): CodeIgniter\CodeIgniter->run()
 6 SYSTEMPATH\Boot.php(67): CodeIgniter\Boot::runCodeIgniter(Object(CodeIgniter\CodeIgniter))
 7 FCPATH\index.php(56): CodeIgniter\Boot::bootWeb(Object(Config\Paths))
 8 SYSTEMPATH\rewrite.php(44): require_once('C:\\xampp\\htdocs\\surat_izin_rumdis\\public\\index.php')
INFO - 2024-11-26 14:02:35 --> Session: Class initialized using 'CodeIgniter\Session\Handlers\FileHandler' driver.
CRITICAL - 2024-11-26 14:02:49 --> TypeError: CodeIgniter\BaseModel::findAll(): Argument #1 ($limit) must be of type ?int, array given, called in C:\xampp\htdocs\surat_izin_rumdis\app\Controllers\ApproverController.php on line 20
[Method: GET, Route: approver]
in SYSTEMPATH\BaseModel.php on line 654.
 1 APPPATH\Controllers\ApproverController.php(20): CodeIgniter\BaseModel->findAll([...])
 2 SYSTEMPATH\CodeIgniter.php(933): App\Controllers\ApproverController->index()
 3 SYSTEMPATH\CodeIgniter.php(509): CodeIgniter\CodeIgniter->runController(Object(App\Controllers\ApproverController))
 4 SYSTEMPATH\CodeIgniter.php(355): CodeIgniter\CodeIgniter->handleRequest(null, Object(Config\Cache), false)
 5 SYSTEMPATH\Boot.php(325): CodeIgniter\CodeIgniter->run()
 6 SYSTEMPATH\Boot.php(67): CodeIgniter\Boot::runCodeIgniter(Object(CodeIgniter\CodeIgniter))
 7 FCPATH\index.php(56): CodeIgniter\Boot::bootWeb(Object(Config\Paths))
 8 SYSTEMPATH\rewrite.php(44): require_once('C:\\xampp\\htdocs\\surat_izin_rumdis\\public\\index.php')
CRITICAL - 2024-11-26 14:02:57 --> TypeError: CodeIgniter\BaseModel::findAll(): Argument #1 ($limit) must be of type ?int, array given, called in C:\xampp\htdocs\surat_izin_rumdis\app\Controllers\AsnController.php on line 21
[Method: GET, Route: asn]
in SYSTEMPATH\BaseModel.php on line 654.
 1 APPPATH\Controllers\AsnController.php(21): CodeIgniter\BaseModel->findAll([...])
 2 SYSTEMPATH\CodeIgniter.php(933): App\Controllers\AsnController->index()
 3 SYSTEMPATH\CodeIgniter.php(509): CodeIgniter\CodeIgniter->runController(Object(App\Controllers\AsnController))
 4 SYSTEMPATH\CodeIgniter.php(355): CodeIgniter\CodeIgniter->handleRequest(null, Object(Config\Cache), false)
 5 SYSTEMPATH\Boot.php(325): CodeIgniter\CodeIgniter->run()
 6 SYSTEMPATH\Boot.php(67): CodeIgniter\Boot::runCodeIgniter(Object(CodeIgniter\CodeIgniter))
 7 FCPATH\index.php(56): CodeIgniter\Boot::bootWeb(Object(Config\Paths))
 8 SYSTEMPATH\rewrite.php(44): require_once('C:\\xampp\\htdocs\\surat_izin_rumdis\\public\\index.php')
CRITICAL - 2024-11-26 14:04:50 --> CodeIgniter\View\Exceptions\ViewException: Invalid file: "data-approver.php"
[Method: GET, Route: approver]
in SYSTEMPATH\Exceptions\FrameworkException.php on line 41.
 1 SYSTEMPATH\View\View.php(222): CodeIgniter\Exceptions\FrameworkException::forInvalidFile('data-approver.php')
 2 SYSTEMPATH\Common.php(1171): CodeIgniter\View\View->render('data-approver', [], true)
 3 APPPATH\Controllers\ApproverController.php(25): view('data-approver', [...])
 4 SYSTEMPATH\CodeIgniter.php(933): App\Controllers\ApproverController->index()
 5 SYSTEMPATH\CodeIgniter.php(509): CodeIgniter\CodeIgniter->runController(Object(App\Controllers\ApproverController))
 6 SYSTEMPATH\CodeIgniter.php(355): CodeIgniter\CodeIgniter->handleRequest(null, Object(Config\Cache), false)
 7 SYSTEMPATH\Boot.php(325): CodeIgniter\CodeIgniter->run()
 8 SYSTEMPATH\Boot.php(67): CodeIgniter\Boot::runCodeIgniter(Object(CodeIgniter\CodeIgniter))
 9 FCPATH\index.php(56): CodeIgniter\Boot::bootWeb(Object(Config\Paths))
10 SYSTEMPATH\rewrite.php(44): require_once('C:\\xampp\\htdocs\\surat_izin_rumdis\\public\\index.php')
CRITICAL - 2024-11-26 14:07:38 --> CodeIgniter\View\Exceptions\ViewException: Invalid file: "data-asn.php"
[Method: GET, Route: asn]
in SYSTEMPATH\Exceptions\FrameworkException.php on line 41.
 1 SYSTEMPATH\View\View.php(222): CodeIgniter\Exceptions\FrameworkException::forInvalidFile('data-asn.php')
 2 SYSTEMPATH\Common.php(1171): CodeIgniter\View\View->render('data-asn', [], true)
 3 APPPATH\Controllers\AsnController.php(26): view('data-asn', [...])
 4 SYSTEMPATH\CodeIgniter.php(933): App\Controllers\AsnController->index()
 5 SYSTEMPATH\CodeIgniter.php(509): CodeIgniter\CodeIgniter->runController(Object(App\Controllers\AsnController))
 6 SYSTEMPATH\CodeIgniter.php(355): CodeIgniter\CodeIgniter->handleRequest(null, Object(Config\Cache), false)
 7 SYSTEMPATH\Boot.php(325): CodeIgniter\CodeIgniter->run()
 8 SYSTEMPATH\Boot.php(67): CodeIgniter\Boot::runCodeIgniter(Object(CodeIgniter\CodeIgniter))
 9 FCPATH\index.php(56): CodeIgniter\Boot::bootWeb(Object(Config\Paths))
10 SYSTEMPATH\rewrite.php(44): require_once('C:\\xampp\\htdocs\\surat_izin_rumdis\\public\\index.php')
