INFO - 2024-12-02 00:39:48 --> Session: Class initialized using 'CodeIgniter\Session\Handlers\FileHandler' driver.
WARNING - 2024-12-02 00:39:57 --> [DEPRECATED] htmlspecialchars(): Passing null to parameter #1 ($string) of type string is deprecated in APPPATH\Views\data-permohonan.php on line 84.
 1 APPPATH\Views\data-permohonan.php(84): htmlspecialchars(null)
 2 SYSTEMPATH\View\View.php(234): include('C:\\xampp\\htdocs\\surat_izin_rumdis\\app\\Views\\data-permohonan.php')
 3 SYSTEMPATH\View\View.php(237): CodeIgniter\View\View->CodeIgniter\View\{closure}()
 4 SYSTEMPATH\Common.php(1171): CodeIgniter\View\View->render('data-permohonan', [], true)
 5 APPPATH\Controllers\PermohonanController.php(32): view('data-permohonan', [...])
 6 SYSTEMPATH\CodeIgniter.php(933): App\Controllers\PermohonanController->index()
 7 SYSTEMPATH\CodeIgniter.php(509): CodeIgniter\CodeIgniter->runController(Object(App\Controllers\PermohonanController))
 8 SYSTEMPATH\CodeIgniter.php(355): CodeIgniter\CodeIgniter->handleRequest(null, Object(Config\Cache), false)
 9 SYSTEMPATH\Boot.php(325): CodeIgniter\CodeIgniter->run()
10 SYSTEMPATH\Boot.php(67): CodeIgniter\Boot::runCodeIgniter(Object(CodeIgniter\CodeIgniter))
11 FCPATH\index.php(56): CodeIgniter\Boot::bootWeb(Object(Config\Paths))
12 SYSTEMPATH\rewrite.php(44): require_once('C:\\xampp\\htdocs\\surat_izin_rumdis\\public\\index.php')
INFO - 2024-12-02 00:47:26 --> Session: Class initialized using 'CodeIgniter\Session\Handlers\FileHandler' driver.
INFO - 2024-12-02 00:47:43 --> Session: Class initialized using 'CodeIgniter\Session\Handlers\FileHandler' driver.
INFO - 2024-12-02 00:52:00 --> Session: Class initialized using 'CodeIgniter\Session\Handlers\FileHandler' driver.
INFO - 2024-12-02 00:53:24 --> Session: Class initialized using 'CodeIgniter\Session\Handlers\FileHandler' driver.
INFO - 2024-12-02 00:53:44 --> Session: Class initialized using 'CodeIgniter\Session\Handlers\FileHandler' driver.
WARNING - 2024-12-02 00:55:07 --> [DEPRECATED] htmlspecialchars(): Passing null to parameter #1 ($string) of type string is deprecated in APPPATH\Views\data-permohonan.php on line 84.
 1 APPPATH\Views\data-permohonan.php(84): htmlspecialchars(null)
 2 SYSTEMPATH\View\View.php(234): include('C:\\xampp\\htdocs\\surat_izin_rumdis\\app\\Views\\data-permohonan.php')
 3 SYSTEMPATH\View\View.php(237): CodeIgniter\View\View->CodeIgniter\View\{closure}()
 4 SYSTEMPATH\Common.php(1171): CodeIgniter\View\View->render('data-permohonan', [], true)
 5 APPPATH\Controllers\PermohonanController.php(32): view('data-permohonan', [...])
 6 SYSTEMPATH\CodeIgniter.php(933): App\Controllers\PermohonanController->index()
 7 SYSTEMPATH\CodeIgniter.php(509): CodeIgniter\CodeIgniter->runController(Object(App\Controllers\PermohonanController))
 8 SYSTEMPATH\CodeIgniter.php(355): CodeIgniter\CodeIgniter->handleRequest(null, Object(Config\Cache), false)
 9 SYSTEMPATH\Boot.php(325): CodeIgniter\CodeIgniter->run()
10 SYSTEMPATH\Boot.php(67): CodeIgniter\Boot::runCodeIgniter(Object(CodeIgniter\CodeIgniter))
11 FCPATH\index.php(56): CodeIgniter\Boot::bootWeb(Object(Config\Paths))
12 SYSTEMPATH\rewrite.php(44): require_once('C:\\xampp\\htdocs\\surat_izin_rumdis\\public\\index.php')
INFO - 2024-12-02 01:14:24 --> Session: Class initialized using 'CodeIgniter\Session\Handlers\FileHandler' driver.
INFO - 2024-12-02 01:35:20 --> Session: Class initialized using 'CodeIgniter\Session\Handlers\FileHandler' driver.
CRITICAL - 2024-12-02 01:42:14 --> ErrorException: Undefined variable $permohonan
[Method: GET, Route: persetujuan/edit/3]
in APPPATH\Views\edit-permohonan.php on line 20.
 1 APPPATH\Views\edit-permohonan.php(20): CodeIgniter\Debug\Exceptions->errorHandler(2, 'Undefined variable $permohonan', 'C:\\xampp\\htdocs\\surat_izin_rumdis\\app\\Views\\edit-permohonan.php', 20)
 2 SYSTEMPATH\View\View.php(234): include('C:\\xampp\\htdocs\\surat_izin_rumdis\\app\\Views\\edit-permohonan.php')
 3 SYSTEMPATH\View\View.php(237): CodeIgniter\View\View->CodeIgniter\View\{closure}()
 4 SYSTEMPATH\Common.php(1171): CodeIgniter\View\View->render('edit-permohonan', [], true)
 5 APPPATH\Controllers\PersetujuanController.php(73): view('edit-permohonan', [...])
 6 SYSTEMPATH\CodeIgniter.php(933): App\Controllers\PersetujuanController->edit('3')
 7 SYSTEMPATH\CodeIgniter.php(509): CodeIgniter\CodeIgniter->runController(Object(App\Controllers\PersetujuanController))
 8 SYSTEMPATH\CodeIgniter.php(355): CodeIgniter\CodeIgniter->handleRequest(null, Object(Config\Cache), false)
 9 SYSTEMPATH\Boot.php(325): CodeIgniter\CodeIgniter->run()
10 SYSTEMPATH\Boot.php(67): CodeIgniter\Boot::runCodeIgniter(Object(CodeIgniter\CodeIgniter))
11 FCPATH\index.php(56): CodeIgniter\Boot::bootWeb(Object(Config\Paths))
12 SYSTEMPATH\rewrite.php(44): require_once('C:\\xampp\\htdocs\\surat_izin_rumdis\\public\\index.php')
CRITICAL - 2024-12-02 01:48:26 --> ErrorException: Undefined variable $permohonan
[Method: GET, Route: persetujuan/edit/3]
in APPPATH\Views\edit-permohonan.php on line 20.
 1 APPPATH\Views\edit-permohonan.php(20): CodeIgniter\Debug\Exceptions->errorHandler(2, 'Undefined variable $permohonan', 'C:\\xampp\\htdocs\\surat_izin_rumdis\\app\\Views\\edit-permohonan.php', 20)
 2 SYSTEMPATH\View\View.php(234): include('C:\\xampp\\htdocs\\surat_izin_rumdis\\app\\Views\\edit-permohonan.php')
 3 SYSTEMPATH\View\View.php(237): CodeIgniter\View\View->CodeIgniter\View\{closure}()
 4 SYSTEMPATH\Common.php(1171): CodeIgniter\View\View->render('edit-permohonan', [], true)
 5 APPPATH\Controllers\PersetujuanController.php(73): view('edit-permohonan', [...])
 6 SYSTEMPATH\CodeIgniter.php(933): App\Controllers\PersetujuanController->edit('3')
 7 SYSTEMPATH\CodeIgniter.php(509): CodeIgniter\CodeIgniter->runController(Object(App\Controllers\PersetujuanController))
 8 SYSTEMPATH\CodeIgniter.php(355): CodeIgniter\CodeIgniter->handleRequest(null, Object(Config\Cache), false)
 9 SYSTEMPATH\Boot.php(325): CodeIgniter\CodeIgniter->run()
10 SYSTEMPATH\Boot.php(67): CodeIgniter\Boot::runCodeIgniter(Object(CodeIgniter\CodeIgniter))
11 FCPATH\index.php(56): CodeIgniter\Boot::bootWeb(Object(Config\Paths))
12 SYSTEMPATH\rewrite.php(44): require_once('C:\\xampp\\htdocs\\surat_izin_rumdis\\public\\index.php')
CRITICAL - 2024-12-02 01:49:27 --> ErrorException: Undefined variable $permohonan
[Method: GET, Route: persetujuan/edit/3]
in APPPATH\Views\edit-permohonan.php on line 20.
 1 APPPATH\Views\edit-permohonan.php(20): CodeIgniter\Debug\Exceptions->errorHandler(2, 'Undefined variable $permohonan', 'C:\\xampp\\htdocs\\surat_izin_rumdis\\app\\Views\\edit-permohonan.php', 20)
 2 SYSTEMPATH\View\View.php(234): include('C:\\xampp\\htdocs\\surat_izin_rumdis\\app\\Views\\edit-permohonan.php')
 3 SYSTEMPATH\View\View.php(237): CodeIgniter\View\View->CodeIgniter\View\{closure}()
 4 SYSTEMPATH\Common.php(1171): CodeIgniter\View\View->render('edit-permohonan', [], true)
 5 APPPATH\Controllers\PersetujuanController.php(73): view('edit-permohonan', [...])
 6 SYSTEMPATH\CodeIgniter.php(933): App\Controllers\PersetujuanController->edit('3')
 7 SYSTEMPATH\CodeIgniter.php(509): CodeIgniter\CodeIgniter->runController(Object(App\Controllers\PersetujuanController))
 8 SYSTEMPATH\CodeIgniter.php(355): CodeIgniter\CodeIgniter->handleRequest(null, Object(Config\Cache), false)
 9 SYSTEMPATH\Boot.php(325): CodeIgniter\CodeIgniter->run()
10 SYSTEMPATH\Boot.php(67): CodeIgniter\Boot::runCodeIgniter(Object(CodeIgniter\CodeIgniter))
11 FCPATH\index.php(56): CodeIgniter\Boot::bootWeb(Object(Config\Paths))
12 SYSTEMPATH\rewrite.php(44): require_once('C:\\xampp\\htdocs\\surat_izin_rumdis\\public\\index.php')
CRITICAL - 2024-12-02 01:49:56 --> ErrorException: Undefined variable $permohonan
[Method: GET, Route: persetujuan/edit/3]
in APPPATH\Views\edit-permohonan.php on line 20.
 1 APPPATH\Views\edit-permohonan.php(20): CodeIgniter\Debug\Exceptions->errorHandler(2, 'Undefined variable $permohonan', 'C:\\xampp\\htdocs\\surat_izin_rumdis\\app\\Views\\edit-permohonan.php', 20)
 2 SYSTEMPATH\View\View.php(234): include('C:\\xampp\\htdocs\\surat_izin_rumdis\\app\\Views\\edit-permohonan.php')
 3 SYSTEMPATH\View\View.php(237): CodeIgniter\View\View->CodeIgniter\View\{closure}()
 4 SYSTEMPATH\Common.php(1171): CodeIgniter\View\View->render('edit-permohonan', [], true)
 5 APPPATH\Controllers\PersetujuanController.php(73): view('edit-permohonan', [...])
 6 SYSTEMPATH\CodeIgniter.php(933): App\Controllers\PersetujuanController->edit('3')
 7 SYSTEMPATH\CodeIgniter.php(509): CodeIgniter\CodeIgniter->runController(Object(App\Controllers\PersetujuanController))
 8 SYSTEMPATH\CodeIgniter.php(355): CodeIgniter\CodeIgniter->handleRequest(null, Object(Config\Cache), false)
 9 SYSTEMPATH\Boot.php(325): CodeIgniter\CodeIgniter->run()
10 SYSTEMPATH\Boot.php(67): CodeIgniter\Boot::runCodeIgniter(Object(CodeIgniter\CodeIgniter))
11 FCPATH\index.php(56): CodeIgniter\Boot::bootWeb(Object(Config\Paths))
12 SYSTEMPATH\rewrite.php(44): require_once('C:\\xampp\\htdocs\\surat_izin_rumdis\\public\\index.php')
CRITICAL - 2024-12-02 01:51:58 --> ErrorException: Undefined variable $permohonan
[Method: GET, Route: persetujuan/edit/3]
in APPPATH\Views\edit-permohonan.php on line 20.
 1 APPPATH\Views\edit-permohonan.php(20): CodeIgniter\Debug\Exceptions->errorHandler(2, 'Undefined variable $permohonan', 'C:\\xampp\\htdocs\\surat_izin_rumdis\\app\\Views\\edit-permohonan.php', 20)
 2 SYSTEMPATH\View\View.php(234): include('C:\\xampp\\htdocs\\surat_izin_rumdis\\app\\Views\\edit-permohonan.php')
 3 SYSTEMPATH\View\View.php(237): CodeIgniter\View\View->CodeIgniter\View\{closure}()
 4 SYSTEMPATH\Common.php(1171): CodeIgniter\View\View->render('edit-permohonan', [], true)
 5 APPPATH\Controllers\PersetujuanController.php(73): view('edit-permohonan', [...])
 6 SYSTEMPATH\CodeIgniter.php(933): App\Controllers\PersetujuanController->edit('3')
 7 SYSTEMPATH\CodeIgniter.php(509): CodeIgniter\CodeIgniter->runController(Object(App\Controllers\PersetujuanController))
 8 SYSTEMPATH\CodeIgniter.php(355): CodeIgniter\CodeIgniter->handleRequest(null, Object(Config\Cache), false)
 9 SYSTEMPATH\Boot.php(325): CodeIgniter\CodeIgniter->run()
10 SYSTEMPATH\Boot.php(67): CodeIgniter\Boot::runCodeIgniter(Object(CodeIgniter\CodeIgniter))
11 FCPATH\index.php(56): CodeIgniter\Boot::bootWeb(Object(Config\Paths))
12 SYSTEMPATH\rewrite.php(44): require_once('C:\\xampp\\htdocs\\surat_izin_rumdis\\public\\index.php')
WARNING - 2024-12-02 01:54:12 --> [DEPRECATED] htmlspecialchars(): Passing null to parameter #1 ($string) of type string is deprecated in APPPATH\Views\data-permohonan.php on line 84.
 1 APPPATH\Views\data-permohonan.php(84): htmlspecialchars(null)
 2 SYSTEMPATH\View\View.php(234): include('C:\\xampp\\htdocs\\surat_izin_rumdis\\app\\Views\\data-permohonan.php')
 3 SYSTEMPATH\View\View.php(237): CodeIgniter\View\View->CodeIgniter\View\{closure}()
 4 SYSTEMPATH\Common.php(1171): CodeIgniter\View\View->render('data-permohonan', [], true)
 5 APPPATH\Controllers\PermohonanController.php(32): view('data-permohonan', [...])
 6 SYSTEMPATH\CodeIgniter.php(933): App\Controllers\PermohonanController->index()
 7 SYSTEMPATH\CodeIgniter.php(509): CodeIgniter\CodeIgniter->runController(Object(App\Controllers\PermohonanController))
 8 SYSTEMPATH\CodeIgniter.php(355): CodeIgniter\CodeIgniter->handleRequest(null, Object(Config\Cache), false)
 9 SYSTEMPATH\Boot.php(325): CodeIgniter\CodeIgniter->run()
10 SYSTEMPATH\Boot.php(67): CodeIgniter\Boot::runCodeIgniter(Object(CodeIgniter\CodeIgniter))
11 FCPATH\index.php(56): CodeIgniter\Boot::bootWeb(Object(Config\Paths))
12 SYSTEMPATH\rewrite.php(44): require_once('C:\\xampp\\htdocs\\surat_izin_rumdis\\public\\index.php')
INFO - 2024-12-02 01:55:31 --> Session: Class initialized using 'CodeIgniter\Session\Handlers\FileHandler' driver.
WARNING - 2024-12-02 01:55:31 --> [DEPRECATED] htmlspecialchars(): Passing null to parameter #1 ($string) of type string is deprecated in APPPATH\Views\data-permohonan.php on line 84.
 1 APPPATH\Views\data-permohonan.php(84): htmlspecialchars(null)
 2 SYSTEMPATH\View\View.php(234): include('C:\\xampp\\htdocs\\surat_izin_rumdis\\app\\Views\\data-permohonan.php')
 3 SYSTEMPATH\View\View.php(237): CodeIgniter\View\View->CodeIgniter\View\{closure}()
 4 SYSTEMPATH\Common.php(1171): CodeIgniter\View\View->render('data-permohonan', [], true)
 5 APPPATH\Controllers\PermohonanController.php(32): view('data-permohonan', [...])
 6 SYSTEMPATH\CodeIgniter.php(933): App\Controllers\PermohonanController->index()
 7 SYSTEMPATH\CodeIgniter.php(509): CodeIgniter\CodeIgniter->runController(Object(App\Controllers\PermohonanController))
 8 SYSTEMPATH\CodeIgniter.php(355): CodeIgniter\CodeIgniter->handleRequest(null, Object(Config\Cache), false)
 9 SYSTEMPATH\Boot.php(325): CodeIgniter\CodeIgniter->run()
10 SYSTEMPATH\Boot.php(67): CodeIgniter\Boot::runCodeIgniter(Object(CodeIgniter\CodeIgniter))
11 FCPATH\index.php(56): CodeIgniter\Boot::bootWeb(Object(Config\Paths))
12 SYSTEMPATH\rewrite.php(44): require_once('C:\\xampp\\htdocs\\surat_izin_rumdis\\public\\index.php')
WARNING - 2024-12-02 01:55:31 --> [DEPRECATED] htmlspecialchars(): Passing null to parameter #1 ($string) of type string is deprecated in APPPATH\Views\data-permohonan.php on line 85.
 1 APPPATH\Views\data-permohonan.php(85): htmlspecialchars(null)
 2 SYSTEMPATH\View\View.php(234): include('C:\\xampp\\htdocs\\surat_izin_rumdis\\app\\Views\\data-permohonan.php')
 3 SYSTEMPATH\View\View.php(237): CodeIgniter\View\View->CodeIgniter\View\{closure}()
 4 SYSTEMPATH\Common.php(1171): CodeIgniter\View\View->render('data-permohonan', [], true)
 5 APPPATH\Controllers\PermohonanController.php(32): view('data-permohonan', [...])
 6 SYSTEMPATH\CodeIgniter.php(933): App\Controllers\PermohonanController->index()
 7 SYSTEMPATH\CodeIgniter.php(509): CodeIgniter\CodeIgniter->runController(Object(App\Controllers\PermohonanController))
 8 SYSTEMPATH\CodeIgniter.php(355): CodeIgniter\CodeIgniter->handleRequest(null, Object(Config\Cache), false)
 9 SYSTEMPATH\Boot.php(325): CodeIgniter\CodeIgniter->run()
10 SYSTEMPATH\Boot.php(67): CodeIgniter\Boot::runCodeIgniter(Object(CodeIgniter\CodeIgniter))
11 FCPATH\index.php(56): CodeIgniter\Boot::bootWeb(Object(Config\Paths))
12 SYSTEMPATH\rewrite.php(44): require_once('C:\\xampp\\htdocs\\surat_izin_rumdis\\public\\index.php')
INFO - 2024-12-02 01:55:54 --> Session: Class initialized using 'CodeIgniter\Session\Handlers\FileHandler' driver.
WARNING - 2024-12-02 01:55:54 --> [DEPRECATED] htmlspecialchars(): Passing null to parameter #1 ($string) of type string is deprecated in APPPATH\Views\data-permohonan.php on line 84.
 1 APPPATH\Views\data-permohonan.php(84): htmlspecialchars(null)
 2 SYSTEMPATH\View\View.php(234): include('C:\\xampp\\htdocs\\surat_izin_rumdis\\app\\Views\\data-permohonan.php')
 3 SYSTEMPATH\View\View.php(237): CodeIgniter\View\View->CodeIgniter\View\{closure}()
 4 SYSTEMPATH\Common.php(1171): CodeIgniter\View\View->render('data-permohonan', [], true)
 5 APPPATH\Controllers\PermohonanController.php(32): view('data-permohonan', [...])
 6 SYSTEMPATH\CodeIgniter.php(933): App\Controllers\PermohonanController->index()
 7 SYSTEMPATH\CodeIgniter.php(509): CodeIgniter\CodeIgniter->runController(Object(App\Controllers\PermohonanController))
 8 SYSTEMPATH\CodeIgniter.php(355): CodeIgniter\CodeIgniter->handleRequest(null, Object(Config\Cache), false)
 9 SYSTEMPATH\Boot.php(325): CodeIgniter\CodeIgniter->run()
10 SYSTEMPATH\Boot.php(67): CodeIgniter\Boot::runCodeIgniter(Object(CodeIgniter\CodeIgniter))
11 FCPATH\index.php(56): CodeIgniter\Boot::bootWeb(Object(Config\Paths))
12 SYSTEMPATH\rewrite.php(44): require_once('C:\\xampp\\htdocs\\surat_izin_rumdis\\public\\index.php')
WARNING - 2024-12-02 02:00:21 --> [DEPRECATED] htmlspecialchars(): Passing null to parameter #1 ($string) of type string is deprecated in APPPATH\Views\data-permohonan.php on line 84.
 1 APPPATH\Views\data-permohonan.php(84): htmlspecialchars(null)
 2 SYSTEMPATH\View\View.php(234): include('C:\\xampp\\htdocs\\surat_izin_rumdis\\app\\Views\\data-permohonan.php')
 3 SYSTEMPATH\View\View.php(237): CodeIgniter\View\View->CodeIgniter\View\{closure}()
 4 SYSTEMPATH\Common.php(1171): CodeIgniter\View\View->render('data-permohonan', [], true)
 5 APPPATH\Controllers\PermohonanController.php(32): view('data-permohonan', [...])
 6 SYSTEMPATH\CodeIgniter.php(933): App\Controllers\PermohonanController->index()
 7 SYSTEMPATH\CodeIgniter.php(509): CodeIgniter\CodeIgniter->runController(Object(App\Controllers\PermohonanController))
 8 SYSTEMPATH\CodeIgniter.php(355): CodeIgniter\CodeIgniter->handleRequest(null, Object(Config\Cache), false)
 9 SYSTEMPATH\Boot.php(325): CodeIgniter\CodeIgniter->run()
10 SYSTEMPATH\Boot.php(67): CodeIgniter\Boot::runCodeIgniter(Object(CodeIgniter\CodeIgniter))
11 FCPATH\index.php(56): CodeIgniter\Boot::bootWeb(Object(Config\Paths))
12 SYSTEMPATH\rewrite.php(44): require_once('C:\\xampp\\htdocs\\surat_izin_rumdis\\public\\index.php')
INFO - 2024-12-02 02:02:22 --> Session: Class initialized using 'CodeIgniter\Session\Handlers\FileHandler' driver.
WARNING - 2024-12-02 02:02:22 --> [DEPRECATED] htmlspecialchars(): Passing null to parameter #1 ($string) of type string is deprecated in APPPATH\Views\data-permohonan.php on line 84.
 1 APPPATH\Views\data-permohonan.php(84): htmlspecialchars(null)
 2 SYSTEMPATH\View\View.php(234): include('C:\\xampp\\htdocs\\surat_izin_rumdis\\app\\Views\\data-permohonan.php')
 3 SYSTEMPATH\View\View.php(237): CodeIgniter\View\View->CodeIgniter\View\{closure}()
 4 SYSTEMPATH\Common.php(1171): CodeIgniter\View\View->render('data-permohonan', [], true)
 5 APPPATH\Controllers\PermohonanController.php(32): view('data-permohonan', [...])
 6 SYSTEMPATH\CodeIgniter.php(933): App\Controllers\PermohonanController->index()
 7 SYSTEMPATH\CodeIgniter.php(509): CodeIgniter\CodeIgniter->runController(Object(App\Controllers\PermohonanController))
 8 SYSTEMPATH\CodeIgniter.php(355): CodeIgniter\CodeIgniter->handleRequest(null, Object(Config\Cache), false)
 9 SYSTEMPATH\Boot.php(325): CodeIgniter\CodeIgniter->run()
10 SYSTEMPATH\Boot.php(67): CodeIgniter\Boot::runCodeIgniter(Object(CodeIgniter\CodeIgniter))
11 FCPATH\index.php(56): CodeIgniter\Boot::bootWeb(Object(Config\Paths))
12 SYSTEMPATH\rewrite.php(44): require_once('C:\\xampp\\htdocs\\surat_izin_rumdis\\public\\index.php')
WARNING - 2024-12-02 02:12:05 --> [DEPRECATED] htmlspecialchars(): Passing null to parameter #1 ($string) of type string is deprecated in APPPATH\Views\data-permohonan.php on line 84.
 1 APPPATH\Views\data-permohonan.php(84): htmlspecialchars(null)
 2 SYSTEMPATH\View\View.php(234): include('C:\\xampp\\htdocs\\surat_izin_rumdis\\app\\Views\\data-permohonan.php')
 3 SYSTEMPATH\View\View.php(237): CodeIgniter\View\View->CodeIgniter\View\{closure}()
 4 SYSTEMPATH\Common.php(1171): CodeIgniter\View\View->render('data-permohonan', [], true)
 5 APPPATH\Controllers\PermohonanController.php(32): view('data-permohonan', [...])
 6 SYSTEMPATH\CodeIgniter.php(933): App\Controllers\PermohonanController->index()
 7 SYSTEMPATH\CodeIgniter.php(509): CodeIgniter\CodeIgniter->runController(Object(App\Controllers\PermohonanController))
 8 SYSTEMPATH\CodeIgniter.php(355): CodeIgniter\CodeIgniter->handleRequest(null, Object(Config\Cache), false)
 9 SYSTEMPATH\Boot.php(325): CodeIgniter\CodeIgniter->run()
10 SYSTEMPATH\Boot.php(67): CodeIgniter\Boot::runCodeIgniter(Object(CodeIgniter\CodeIgniter))
11 FCPATH\index.php(56): CodeIgniter\Boot::bootWeb(Object(Config\Paths))
12 SYSTEMPATH\rewrite.php(44): require_once('C:\\xampp\\htdocs\\surat_izin_rumdis\\public\\index.php')
WARNING - 2024-12-02 02:36:41 --> [DEPRECATED] htmlspecialchars(): Passing null to parameter #1 ($string) of type string is deprecated in APPPATH\Views\data-permohonan.php on line 84.
 1 APPPATH\Views\data-permohonan.php(84): htmlspecialchars(null)
 2 SYSTEMPATH\View\View.php(234): include('C:\\xampp\\htdocs\\surat_izin_rumdis\\app\\Views\\data-permohonan.php')
 3 SYSTEMPATH\View\View.php(237): CodeIgniter\View\View->CodeIgniter\View\{closure}()
 4 SYSTEMPATH\Common.php(1171): CodeIgniter\View\View->render('data-permohonan', [], true)
 5 APPPATH\Controllers\PermohonanController.php(32): view('data-permohonan', [...])
 6 SYSTEMPATH\CodeIgniter.php(933): App\Controllers\PermohonanController->index()
 7 SYSTEMPATH\CodeIgniter.php(509): CodeIgniter\CodeIgniter->runController(Object(App\Controllers\PermohonanController))
 8 SYSTEMPATH\CodeIgniter.php(355): CodeIgniter\CodeIgniter->handleRequest(null, Object(Config\Cache), false)
 9 SYSTEMPATH\Boot.php(325): CodeIgniter\CodeIgniter->run()
10 SYSTEMPATH\Boot.php(67): CodeIgniter\Boot::runCodeIgniter(Object(CodeIgniter\CodeIgniter))
11 FCPATH\index.php(56): CodeIgniter\Boot::bootWeb(Object(Config\Paths))
12 SYSTEMPATH\rewrite.php(44): require_once('C:\\xampp\\htdocs\\surat_izin_rumdis\\public\\index.php')
WARNING - 2024-12-02 02:54:54 --> [DEPRECATED] htmlspecialchars(): Passing null to parameter #1 ($string) of type string is deprecated in APPPATH\Views\data-permohonan.php on line 84.
 1 APPPATH\Views\data-permohonan.php(84): htmlspecialchars(null)
 2 SYSTEMPATH\View\View.php(234): include('C:\\xampp\\htdocs\\surat_izin_rumdis\\app\\Views\\data-permohonan.php')
 3 SYSTEMPATH\View\View.php(237): CodeIgniter\View\View->CodeIgniter\View\{closure}()
 4 SYSTEMPATH\Common.php(1171): CodeIgniter\View\View->render('data-permohonan', [], true)
 5 APPPATH\Controllers\PermohonanController.php(32): view('data-permohonan', [...])
 6 SYSTEMPATH\CodeIgniter.php(933): App\Controllers\PermohonanController->index()
 7 SYSTEMPATH\CodeIgniter.php(509): CodeIgniter\CodeIgniter->runController(Object(App\Controllers\PermohonanController))
 8 SYSTEMPATH\CodeIgniter.php(355): CodeIgniter\CodeIgniter->handleRequest(null, Object(Config\Cache), false)
 9 SYSTEMPATH\Boot.php(325): CodeIgniter\CodeIgniter->run()
10 SYSTEMPATH\Boot.php(67): CodeIgniter\Boot::runCodeIgniter(Object(CodeIgniter\CodeIgniter))
11 FCPATH\index.php(56): CodeIgniter\Boot::bootWeb(Object(Config\Paths))
12 SYSTEMPATH\rewrite.php(44): require_once('C:\\xampp\\htdocs\\surat_izin_rumdis\\public\\index.php')
WARNING - 2024-12-02 03:22:29 --> [DEPRECATED] htmlspecialchars(): Passing null to parameter #1 ($string) of type string is deprecated in APPPATH\Views\data-permohonan.php on line 95.
 1 APPPATH\Views\data-permohonan.php(95): htmlspecialchars(null)
 2 SYSTEMPATH\View\View.php(234): include('C:\\xampp\\htdocs\\surat_izin_rumdis\\app\\Views\\data-permohonan.php')
 3 SYSTEMPATH\View\View.php(237): CodeIgniter\View\View->CodeIgniter\View\{closure}()
 4 SYSTEMPATH\Common.php(1171): CodeIgniter\View\View->render('data-permohonan', [], true)
 5 APPPATH\Controllers\PermohonanController.php(31): view('data-permohonan', [...])
 6 SYSTEMPATH\CodeIgniter.php(933): App\Controllers\PermohonanController->index()
 7 SYSTEMPATH\CodeIgniter.php(509): CodeIgniter\CodeIgniter->runController(Object(App\Controllers\PermohonanController))
 8 SYSTEMPATH\CodeIgniter.php(355): CodeIgniter\CodeIgniter->handleRequest(null, Object(Config\Cache), false)
 9 SYSTEMPATH\Boot.php(325): CodeIgniter\CodeIgniter->run()
10 SYSTEMPATH\Boot.php(67): CodeIgniter\Boot::runCodeIgniter(Object(CodeIgniter\CodeIgniter))
11 FCPATH\index.php(56): CodeIgniter\Boot::bootWeb(Object(Config\Paths))
12 SYSTEMPATH\rewrite.php(44): require_once('C:\\xampp\\htdocs\\surat_izin_rumdis\\public\\index.php')
CRITICAL - 2024-12-02 03:23:27 --> Error: Call to a member function isValid() on null
[Method: POST, Route: permohonan/update/6]
in APPPATH\Controllers\PermohonanController.php on line 144.
 1 SYSTEMPATH\CodeIgniter.php(933): App\Controllers\PermohonanController->update('6')
 2 SYSTEMPATH\CodeIgniter.php(509): CodeIgniter\CodeIgniter->runController(Object(App\Controllers\PermohonanController))
 3 SYSTEMPATH\CodeIgniter.php(355): CodeIgniter\CodeIgniter->handleRequest(null, Object(Config\Cache), false)
 4 SYSTEMPATH\Boot.php(325): CodeIgniter\CodeIgniter->run()
 5 SYSTEMPATH\Boot.php(67): CodeIgniter\Boot::runCodeIgniter(Object(CodeIgniter\CodeIgniter))
 6 FCPATH\index.php(56): CodeIgniter\Boot::bootWeb(Object(Config\Paths))
 7 SYSTEMPATH\rewrite.php(44): require_once('C:\\xampp\\htdocs\\surat_izin_rumdis\\public\\index.php')
INFO - 2024-12-02 03:24:21 --> Session: Class initialized using 'CodeIgniter\Session\Handlers\FileHandler' driver.
WARNING - 2024-12-02 03:24:22 --> [DEPRECATED] htmlspecialchars(): Passing null to parameter #1 ($string) of type string is deprecated in APPPATH\Views\data-permohonan.php on line 95.
 1 APPPATH\Views\data-permohonan.php(95): htmlspecialchars(null)
 2 SYSTEMPATH\View\View.php(234): include('C:\\xampp\\htdocs\\surat_izin_rumdis\\app\\Views\\data-permohonan.php')
 3 SYSTEMPATH\View\View.php(237): CodeIgniter\View\View->CodeIgniter\View\{closure}()
 4 SYSTEMPATH\Common.php(1171): CodeIgniter\View\View->render('data-permohonan', [], true)
 5 APPPATH\Controllers\PermohonanController.php(31): view('data-permohonan', [...])
 6 SYSTEMPATH\CodeIgniter.php(933): App\Controllers\PermohonanController->index()
 7 SYSTEMPATH\CodeIgniter.php(509): CodeIgniter\CodeIgniter->runController(Object(App\Controllers\PermohonanController))
 8 SYSTEMPATH\CodeIgniter.php(355): CodeIgniter\CodeIgniter->handleRequest(null, Object(Config\Cache), false)
 9 SYSTEMPATH\Boot.php(325): CodeIgniter\CodeIgniter->run()
10 SYSTEMPATH\Boot.php(67): CodeIgniter\Boot::runCodeIgniter(Object(CodeIgniter\CodeIgniter))
11 FCPATH\index.php(56): CodeIgniter\Boot::bootWeb(Object(Config\Paths))
12 SYSTEMPATH\rewrite.php(44): require_once('C:\\xampp\\htdocs\\surat_izin_rumdis\\public\\index.php')
CRITICAL - 2024-12-02 03:49:39 --> ErrorException: Undefined array key "golonganrumahdinas"
[Method: GET, Route: persetujuan]
in APPPATH\Views\data-persetujuan.php on line 51.
 1 APPPATH\Views\data-persetujuan.php(51): CodeIgniter\Debug\Exceptions->errorHandler(2, 'Undefined array key "golonganrumahdinas"', 'C:\\xampp\\htdocs\\surat_izin_rumdis\\app\\Views\\data-persetujuan.php', 51)
 2 SYSTEMPATH\View\View.php(234): include('C:\\xampp\\htdocs\\surat_izin_rumdis\\app\\Views\\data-persetujuan.php')
 3 SYSTEMPATH\View\View.php(237): CodeIgniter\View\View->CodeIgniter\View\{closure}()
 4 SYSTEMPATH\Common.php(1171): CodeIgniter\View\View->render('data-persetujuan', [], true)
 5 APPPATH\Controllers\PersetujuanController.php(37): view('data-persetujuan', [...])
 6 SYSTEMPATH\CodeIgniter.php(933): App\Controllers\PersetujuanController->index()
 7 SYSTEMPATH\CodeIgniter.php(509): CodeIgniter\CodeIgniter->runController(Object(App\Controllers\PersetujuanController))
 8 SYSTEMPATH\CodeIgniter.php(355): CodeIgniter\CodeIgniter->handleRequest(null, Object(Config\Cache), false)
 9 SYSTEMPATH\Boot.php(325): CodeIgniter\CodeIgniter->run()
10 SYSTEMPATH\Boot.php(67): CodeIgniter\Boot::runCodeIgniter(Object(CodeIgniter\CodeIgniter))
11 FCPATH\index.php(56): CodeIgniter\Boot::bootWeb(Object(Config\Paths))
12 SYSTEMPATH\rewrite.php(44): require_once('C:\\xampp\\htdocs\\surat_izin_rumdis\\public\\index.php')
CRITICAL - 2024-12-02 03:55:36 --> ErrorException: Undefined array key "golonganrumahdinas"
[Method: GET, Route: persetujuan]
in APPPATH\Views\data-persetujuan.php on line 51.
 1 APPPATH\Views\data-persetujuan.php(51): CodeIgniter\Debug\Exceptions->errorHandler(2, 'Undefined array key "golonganrumahdinas"', 'C:\\xampp\\htdocs\\surat_izin_rumdis\\app\\Views\\data-persetujuan.php', 51)
 2 SYSTEMPATH\View\View.php(234): include('C:\\xampp\\htdocs\\surat_izin_rumdis\\app\\Views\\data-persetujuan.php')
 3 SYSTEMPATH\View\View.php(237): CodeIgniter\View\View->CodeIgniter\View\{closure}()
 4 SYSTEMPATH\Common.php(1171): CodeIgniter\View\View->render('data-persetujuan', [], true)
 5 APPPATH\Controllers\PersetujuanController.php(37): view('data-persetujuan', [...])
 6 SYSTEMPATH\CodeIgniter.php(933): App\Controllers\PersetujuanController->index()
 7 SYSTEMPATH\CodeIgniter.php(509): CodeIgniter\CodeIgniter->runController(Object(App\Controllers\PersetujuanController))
 8 SYSTEMPATH\CodeIgniter.php(355): CodeIgniter\CodeIgniter->handleRequest(null, Object(Config\Cache), false)
 9 SYSTEMPATH\Boot.php(325): CodeIgniter\CodeIgniter->run()
10 SYSTEMPATH\Boot.php(67): CodeIgniter\Boot::runCodeIgniter(Object(CodeIgniter\CodeIgniter))
11 FCPATH\index.php(56): CodeIgniter\Boot::bootWeb(Object(Config\Paths))
12 SYSTEMPATH\rewrite.php(44): require_once('C:\\xampp\\htdocs\\surat_izin_rumdis\\public\\index.php')
CRITICAL - 2024-12-02 03:57:34 --> ErrorException: Undefined variable $permohonan
[Method: GET, Route: persetujuan/edit/5]
in APPPATH\Views\edit-permohonan.php on line 20.
 1 APPPATH\Views\edit-permohonan.php(20): CodeIgniter\Debug\Exceptions->errorHandler(2, 'Undefined variable $permohonan', 'C:\\xampp\\htdocs\\surat_izin_rumdis\\app\\Views\\edit-permohonan.php', 20)
 2 SYSTEMPATH\View\View.php(234): include('C:\\xampp\\htdocs\\surat_izin_rumdis\\app\\Views\\edit-permohonan.php')
 3 SYSTEMPATH\View\View.php(237): CodeIgniter\View\View->CodeIgniter\View\{closure}()
 4 SYSTEMPATH\Common.php(1171): CodeIgniter\View\View->render('edit-permohonan', [], true)
 5 APPPATH\Controllers\PersetujuanController.php(73): view('edit-permohonan', [...])
 6 SYSTEMPATH\CodeIgniter.php(933): App\Controllers\PersetujuanController->edit('5')
 7 SYSTEMPATH\CodeIgniter.php(509): CodeIgniter\CodeIgniter->runController(Object(App\Controllers\PersetujuanController))
 8 SYSTEMPATH\CodeIgniter.php(355): CodeIgniter\CodeIgniter->handleRequest(null, Object(Config\Cache), false)
 9 SYSTEMPATH\Boot.php(325): CodeIgniter\CodeIgniter->run()
10 SYSTEMPATH\Boot.php(67): CodeIgniter\Boot::runCodeIgniter(Object(CodeIgniter\CodeIgniter))
11 FCPATH\index.php(56): CodeIgniter\Boot::bootWeb(Object(Config\Paths))
12 SYSTEMPATH\rewrite.php(44): require_once('C:\\xampp\\htdocs\\surat_izin_rumdis\\public\\index.php')
CRITICAL - 2024-12-02 03:58:54 --> ErrorException: Undefined variable $permohonan
[Method: GET, Route: persetujuan/edit/5]
in APPPATH\Views\edit-permohonan.php on line 20.
 1 APPPATH\Views\edit-permohonan.php(20): CodeIgniter\Debug\Exceptions->errorHandler(2, 'Undefined variable $permohonan', 'C:\\xampp\\htdocs\\surat_izin_rumdis\\app\\Views\\edit-permohonan.php', 20)
 2 SYSTEMPATH\View\View.php(234): include('C:\\xampp\\htdocs\\surat_izin_rumdis\\app\\Views\\edit-permohonan.php')
 3 SYSTEMPATH\View\View.php(237): CodeIgniter\View\View->CodeIgniter\View\{closure}()
 4 SYSTEMPATH\Common.php(1171): CodeIgniter\View\View->render('edit-permohonan', [], true)
 5 APPPATH\Controllers\PersetujuanController.php(73): view('edit-permohonan', [...])
 6 SYSTEMPATH\CodeIgniter.php(933): App\Controllers\PersetujuanController->edit('5')
 7 SYSTEMPATH\CodeIgniter.php(509): CodeIgniter\CodeIgniter->runController(Object(App\Controllers\PersetujuanController))
 8 SYSTEMPATH\CodeIgniter.php(355): CodeIgniter\CodeIgniter->handleRequest(null, Object(Config\Cache), false)
 9 SYSTEMPATH\Boot.php(325): CodeIgniter\CodeIgniter->run()
10 SYSTEMPATH\Boot.php(67): CodeIgniter\Boot::runCodeIgniter(Object(CodeIgniter\CodeIgniter))
11 FCPATH\index.php(56): CodeIgniter\Boot::bootWeb(Object(Config\Paths))
12 SYSTEMPATH\rewrite.php(44): require_once('C:\\xampp\\htdocs\\surat_izin_rumdis\\public\\index.php')
CRITICAL - 2024-12-02 03:59:22 --> ErrorException: Undefined variable $permohonan
[Method: GET, Route: persetujuan/edit/5]
in APPPATH\Views\edit-permohonan.php on line 20.
 1 APPPATH\Views\edit-permohonan.php(20): CodeIgniter\Debug\Exceptions->errorHandler(2, 'Undefined variable $permohonan', 'C:\\xampp\\htdocs\\surat_izin_rumdis\\app\\Views\\edit-permohonan.php', 20)
 2 SYSTEMPATH\View\View.php(234): include('C:\\xampp\\htdocs\\surat_izin_rumdis\\app\\Views\\edit-permohonan.php')
 3 SYSTEMPATH\View\View.php(237): CodeIgniter\View\View->CodeIgniter\View\{closure}()
 4 SYSTEMPATH\Common.php(1171): CodeIgniter\View\View->render('edit-permohonan', [], true)
 5 APPPATH\Controllers\PersetujuanController.php(73): view('edit-permohonan', [...])
 6 SYSTEMPATH\CodeIgniter.php(933): App\Controllers\PersetujuanController->edit('5')
 7 SYSTEMPATH\CodeIgniter.php(509): CodeIgniter\CodeIgniter->runController(Object(App\Controllers\PersetujuanController))
 8 SYSTEMPATH\CodeIgniter.php(355): CodeIgniter\CodeIgniter->handleRequest(null, Object(Config\Cache), false)
 9 SYSTEMPATH\Boot.php(325): CodeIgniter\CodeIgniter->run()
10 SYSTEMPATH\Boot.php(67): CodeIgniter\Boot::runCodeIgniter(Object(CodeIgniter\CodeIgniter))
11 FCPATH\index.php(56): CodeIgniter\Boot::bootWeb(Object(Config\Paths))
12 SYSTEMPATH\rewrite.php(44): require_once('C:\\xampp\\htdocs\\surat_izin_rumdis\\public\\index.php')
CRITICAL - 2024-12-02 04:00:20 --> ErrorException: Undefined variable $permohonan
[Method: GET, Route: persetujuan/edit/3]
in APPPATH\Views\edit-permohonan.php on line 20.
 1 APPPATH\Views\edit-permohonan.php(20): CodeIgniter\Debug\Exceptions->errorHandler(2, 'Undefined variable $permohonan', 'C:\\xampp\\htdocs\\surat_izin_rumdis\\app\\Views\\edit-permohonan.php', 20)
 2 SYSTEMPATH\View\View.php(234): include('C:\\xampp\\htdocs\\surat_izin_rumdis\\app\\Views\\edit-permohonan.php')
 3 SYSTEMPATH\View\View.php(237): CodeIgniter\View\View->CodeIgniter\View\{closure}()
 4 SYSTEMPATH\Common.php(1171): CodeIgniter\View\View->render('edit-permohonan', [], true)
 5 APPPATH\Controllers\PersetujuanController.php(73): view('edit-permohonan', [...])
 6 SYSTEMPATH\CodeIgniter.php(933): App\Controllers\PersetujuanController->edit('3')
 7 SYSTEMPATH\CodeIgniter.php(509): CodeIgniter\CodeIgniter->runController(Object(App\Controllers\PersetujuanController))
 8 SYSTEMPATH\CodeIgniter.php(355): CodeIgniter\CodeIgniter->handleRequest(null, Object(Config\Cache), false)
 9 SYSTEMPATH\Boot.php(325): CodeIgniter\CodeIgniter->run()
10 SYSTEMPATH\Boot.php(67): CodeIgniter\Boot::runCodeIgniter(Object(CodeIgniter\CodeIgniter))
11 FCPATH\index.php(56): CodeIgniter\Boot::bootWeb(Object(Config\Paths))
12 SYSTEMPATH\rewrite.php(44): require_once('C:\\xampp\\htdocs\\surat_izin_rumdis\\public\\index.php')
CRITICAL - 2024-12-02 04:03:40 --> ErrorException: Undefined variable $permohonan
[Method: GET, Route: persetujuan/edit/3]
in APPPATH\Views\edit-permohonan.php on line 20.
 1 APPPATH\Views\edit-permohonan.php(20): CodeIgniter\Debug\Exceptions->errorHandler(2, 'Undefined variable $permohonan', 'C:\\xampp\\htdocs\\surat_izin_rumdis\\app\\Views\\edit-permohonan.php', 20)
 2 SYSTEMPATH\View\View.php(234): include('C:\\xampp\\htdocs\\surat_izin_rumdis\\app\\Views\\edit-permohonan.php')
 3 SYSTEMPATH\View\View.php(237): CodeIgniter\View\View->CodeIgniter\View\{closure}()
 4 SYSTEMPATH\Common.php(1171): CodeIgniter\View\View->render('edit-permohonan', [], true)
 5 APPPATH\Controllers\PersetujuanController.php(73): view('edit-permohonan', [...])
 6 SYSTEMPATH\CodeIgniter.php(933): App\Controllers\PersetujuanController->edit('3')
 7 SYSTEMPATH\CodeIgniter.php(509): CodeIgniter\CodeIgniter->runController(Object(App\Controllers\PersetujuanController))
 8 SYSTEMPATH\CodeIgniter.php(355): CodeIgniter\CodeIgniter->handleRequest(null, Object(Config\Cache), false)
 9 SYSTEMPATH\Boot.php(325): CodeIgniter\CodeIgniter->run()
10 SYSTEMPATH\Boot.php(67): CodeIgniter\Boot::runCodeIgniter(Object(CodeIgniter\CodeIgniter))
11 FCPATH\index.php(56): CodeIgniter\Boot::bootWeb(Object(Config\Paths))
12 SYSTEMPATH\rewrite.php(44): require_once('C:\\xampp\\htdocs\\surat_izin_rumdis\\public\\index.php')
WARNING - 2024-12-02 06:36:26 --> [DEPRECATED] htmlspecialchars(): Passing null to parameter #1 ($string) of type string is deprecated in APPPATH\Views\data-permohonan.php on line 95.
 1 APPPATH\Views\data-permohonan.php(95): htmlspecialchars(null)
 2 SYSTEMPATH\View\View.php(234): include('C:\\xampp\\htdocs\\surat_izin_rumdis\\app\\Views\\data-permohonan.php')
 3 SYSTEMPATH\View\View.php(237): CodeIgniter\View\View->CodeIgniter\View\{closure}()
 4 SYSTEMPATH\Common.php(1171): CodeIgniter\View\View->render('data-permohonan', [], true)
 5 APPPATH\Controllers\PermohonanController.php(31): view('data-permohonan', [...])
 6 SYSTEMPATH\CodeIgniter.php(933): App\Controllers\PermohonanController->index()
 7 SYSTEMPATH\CodeIgniter.php(509): CodeIgniter\CodeIgniter->runController(Object(App\Controllers\PermohonanController))
 8 SYSTEMPATH\CodeIgniter.php(355): CodeIgniter\CodeIgniter->handleRequest(null, Object(Config\Cache), false)
 9 SYSTEMPATH\Boot.php(325): CodeIgniter\CodeIgniter->run()
10 SYSTEMPATH\Boot.php(67): CodeIgniter\Boot::runCodeIgniter(Object(CodeIgniter\CodeIgniter))
11 FCPATH\index.php(56): CodeIgniter\Boot::bootWeb(Object(Config\Paths))
12 SYSTEMPATH\rewrite.php(44): require_once('C:\\xampp\\htdocs\\surat_izin_rumdis\\public\\index.php')
WARNING - 2024-12-02 06:36:38 --> [DEPRECATED] htmlspecialchars(): Passing null to parameter #1 ($string) of type string is deprecated in APPPATH\Views\data-permohonan.php on line 95.
 1 APPPATH\Views\data-permohonan.php(95): htmlspecialchars(null)
 2 SYSTEMPATH\View\View.php(234): include('C:\\xampp\\htdocs\\surat_izin_rumdis\\app\\Views\\data-permohonan.php')
 3 SYSTEMPATH\View\View.php(237): CodeIgniter\View\View->CodeIgniter\View\{closure}()
 4 SYSTEMPATH\Common.php(1171): CodeIgniter\View\View->render('data-permohonan', [], true)
 5 APPPATH\Controllers\PermohonanController.php(31): view('data-permohonan', [...])
 6 SYSTEMPATH\CodeIgniter.php(933): App\Controllers\PermohonanController->index()
 7 SYSTEMPATH\CodeIgniter.php(509): CodeIgniter\CodeIgniter->runController(Object(App\Controllers\PermohonanController))
 8 SYSTEMPATH\CodeIgniter.php(355): CodeIgniter\CodeIgniter->handleRequest(null, Object(Config\Cache), false)
 9 SYSTEMPATH\Boot.php(325): CodeIgniter\CodeIgniter->run()
10 SYSTEMPATH\Boot.php(67): CodeIgniter\Boot::runCodeIgniter(Object(CodeIgniter\CodeIgniter))
11 FCPATH\index.php(56): CodeIgniter\Boot::bootWeb(Object(Config\Paths))
12 SYSTEMPATH\rewrite.php(44): require_once('C:\\xampp\\htdocs\\surat_izin_rumdis\\public\\index.php')
CRITICAL - 2024-12-02 06:40:28 --> TypeError: Cannot access offset of type string on string
[Method: GET, Route: persetujuan/edit/3]
in APPPATH\Views\edit-persetujuan.php on line 35.
 1 SYSTEMPATH\View\View.php(234): include()
 2 SYSTEMPATH\View\View.php(237): CodeIgniter\View\View->CodeIgniter\View\{closure}()
 3 SYSTEMPATH\Common.php(1171): CodeIgniter\View\View->render('edit-persetujuan', [], true)
 4 APPPATH\Controllers\PersetujuanController.php(75): view('edit-persetujuan', [...])
 5 SYSTEMPATH\CodeIgniter.php(933): App\Controllers\PersetujuanController->edit('3')
 6 SYSTEMPATH\CodeIgniter.php(509): CodeIgniter\CodeIgniter->runController(Object(App\Controllers\PersetujuanController))
 7 SYSTEMPATH\CodeIgniter.php(355): CodeIgniter\CodeIgniter->handleRequest(null, Object(Config\Cache), false)
 8 SYSTEMPATH\Boot.php(325): CodeIgniter\CodeIgniter->run()
 9 SYSTEMPATH\Boot.php(67): CodeIgniter\Boot::runCodeIgniter(Object(CodeIgniter\CodeIgniter))
10 FCPATH\index.php(56): CodeIgniter\Boot::bootWeb(Object(Config\Paths))
11 SYSTEMPATH\rewrite.php(44): require_once('C:\\xampp\\htdocs\\surat_izin_rumdis\\public\\index.php')
CRITICAL - 2024-12-02 06:41:59 --> TypeError: Cannot access offset of type string on string
[Method: GET, Route: persetujuan/edit/3]
in APPPATH\Views\edit-persetujuan.php on line 36.
 1 SYSTEMPATH\View\View.php(234): include()
 2 SYSTEMPATH\View\View.php(237): CodeIgniter\View\View->CodeIgniter\View\{closure}()
 3 SYSTEMPATH\Common.php(1171): CodeIgniter\View\View->render('edit-persetujuan', [], true)
 4 APPPATH\Controllers\PersetujuanController.php(75): view('edit-persetujuan', [...])
 5 SYSTEMPATH\CodeIgniter.php(933): App\Controllers\PersetujuanController->edit('3')
 6 SYSTEMPATH\CodeIgniter.php(509): CodeIgniter\CodeIgniter->runController(Object(App\Controllers\PersetujuanController))
 7 SYSTEMPATH\CodeIgniter.php(355): CodeIgniter\CodeIgniter->handleRequest(null, Object(Config\Cache), false)
 8 SYSTEMPATH\Boot.php(325): CodeIgniter\CodeIgniter->run()
 9 SYSTEMPATH\Boot.php(67): CodeIgniter\Boot::runCodeIgniter(Object(CodeIgniter\CodeIgniter))
10 FCPATH\index.php(56): CodeIgniter\Boot::bootWeb(Object(Config\Paths))
11 SYSTEMPATH\rewrite.php(44): require_once('C:\\xampp\\htdocs\\surat_izin_rumdis\\public\\index.php')
CRITICAL - 2024-12-02 06:42:15 --> TypeError: Cannot access offset of type string on string
[Method: GET, Route: persetujuan/edit/3]
in APPPATH\Views\edit-persetujuan.php on line 42.
 1 SYSTEMPATH\View\View.php(234): include()
 2 SYSTEMPATH\View\View.php(237): CodeIgniter\View\View->CodeIgniter\View\{closure}()
 3 SYSTEMPATH\Common.php(1171): CodeIgniter\View\View->render('edit-persetujuan', [], true)
 4 APPPATH\Controllers\PersetujuanController.php(75): view('edit-persetujuan', [...])
 5 SYSTEMPATH\CodeIgniter.php(933): App\Controllers\PersetujuanController->edit('3')
 6 SYSTEMPATH\CodeIgniter.php(509): CodeIgniter\CodeIgniter->runController(Object(App\Controllers\PersetujuanController))
 7 SYSTEMPATH\CodeIgniter.php(355): CodeIgniter\CodeIgniter->handleRequest(null, Object(Config\Cache), false)
 8 SYSTEMPATH\Boot.php(325): CodeIgniter\CodeIgniter->run()
 9 SYSTEMPATH\Boot.php(67): CodeIgniter\Boot::runCodeIgniter(Object(CodeIgniter\CodeIgniter))
10 FCPATH\index.php(56): CodeIgniter\Boot::bootWeb(Object(Config\Paths))
11 SYSTEMPATH\rewrite.php(44): require_once('C:\\xampp\\htdocs\\surat_izin_rumdis\\public\\index.php')
CRITICAL - 2024-12-02 06:43:20 --> TypeError: Cannot access offset of type string on string
[Method: GET, Route: persetujuan/edit/3]
in APPPATH\Views\edit-persetujuan.php on line 43.
 1 SYSTEMPATH\View\View.php(234): include()
 2 SYSTEMPATH\View\View.php(237): CodeIgniter\View\View->CodeIgniter\View\{closure}()
 3 SYSTEMPATH\Common.php(1171): CodeIgniter\View\View->render('edit-persetujuan', [], true)
 4 APPPATH\Controllers\PersetujuanController.php(75): view('edit-persetujuan', [...])
 5 SYSTEMPATH\CodeIgniter.php(933): App\Controllers\PersetujuanController->edit('3')
 6 SYSTEMPATH\CodeIgniter.php(509): CodeIgniter\CodeIgniter->runController(Object(App\Controllers\PersetujuanController))
 7 SYSTEMPATH\CodeIgniter.php(355): CodeIgniter\CodeIgniter->handleRequest(null, Object(Config\Cache), false)
 8 SYSTEMPATH\Boot.php(325): CodeIgniter\CodeIgniter->run()
 9 SYSTEMPATH\Boot.php(67): CodeIgniter\Boot::runCodeIgniter(Object(CodeIgniter\CodeIgniter))
10 FCPATH\index.php(56): CodeIgniter\Boot::bootWeb(Object(Config\Paths))
11 SYSTEMPATH\rewrite.php(44): require_once('C:\\xampp\\htdocs\\surat_izin_rumdis\\public\\index.php')
CRITICAL - 2024-12-02 06:43:41 --> TypeError: Cannot access offset of type string on string
[Method: GET, Route: persetujuan/edit/3]
in APPPATH\Views\edit-persetujuan.php on line 43.
 1 SYSTEMPATH\View\View.php(234): include()
 2 SYSTEMPATH\View\View.php(237): CodeIgniter\View\View->CodeIgniter\View\{closure}()
 3 SYSTEMPATH\Common.php(1171): CodeIgniter\View\View->render('edit-persetujuan', [], true)
 4 APPPATH\Controllers\PersetujuanController.php(75): view('edit-persetujuan', [...])
 5 SYSTEMPATH\CodeIgniter.php(933): App\Controllers\PersetujuanController->edit('3')
 6 SYSTEMPATH\CodeIgniter.php(509): CodeIgniter\CodeIgniter->runController(Object(App\Controllers\PersetujuanController))
 7 SYSTEMPATH\CodeIgniter.php(355): CodeIgniter\CodeIgniter->handleRequest(null, Object(Config\Cache), false)
 8 SYSTEMPATH\Boot.php(325): CodeIgniter\CodeIgniter->run()
 9 SYSTEMPATH\Boot.php(67): CodeIgniter\Boot::runCodeIgniter(Object(CodeIgniter\CodeIgniter))
10 FCPATH\index.php(56): CodeIgniter\Boot::bootWeb(Object(Config\Paths))
11 SYSTEMPATH\rewrite.php(44): require_once('C:\\xampp\\htdocs\\surat_izin_rumdis\\public\\index.php')
CRITICAL - 2024-12-02 06:44:23 --> TypeError: Cannot access offset of type string on string
[Method: GET, Route: persetujuan/edit/3]
in APPPATH\Views\edit-persetujuan.php on line 43.
 1 SYSTEMPATH\View\View.php(234): include()
 2 SYSTEMPATH\View\View.php(237): CodeIgniter\View\View->CodeIgniter\View\{closure}()
 3 SYSTEMPATH\Common.php(1171): CodeIgniter\View\View->render('edit-persetujuan', [], true)
 4 APPPATH\Controllers\PersetujuanController.php(75): view('edit-persetujuan', [...])
 5 SYSTEMPATH\CodeIgniter.php(933): App\Controllers\PersetujuanController->edit('3')
 6 SYSTEMPATH\CodeIgniter.php(509): CodeIgniter\CodeIgniter->runController(Object(App\Controllers\PersetujuanController))
 7 SYSTEMPATH\CodeIgniter.php(355): CodeIgniter\CodeIgniter->handleRequest(null, Object(Config\Cache), false)
 8 SYSTEMPATH\Boot.php(325): CodeIgniter\CodeIgniter->run()
 9 SYSTEMPATH\Boot.php(67): CodeIgniter\Boot::runCodeIgniter(Object(CodeIgniter\CodeIgniter))
10 FCPATH\index.php(56): CodeIgniter\Boot::bootWeb(Object(Config\Paths))
11 SYSTEMPATH\rewrite.php(44): require_once('C:\\xampp\\htdocs\\surat_izin_rumdis\\public\\index.php')
CRITICAL - 2024-12-02 06:45:15 --> TypeError: Cannot access offset of type string on string
[Method: GET, Route: persetujuan/edit/3]
in APPPATH\Views\edit-persetujuan.php on line 43.
 1 SYSTEMPATH\View\View.php(234): include()
 2 SYSTEMPATH\View\View.php(237): CodeIgniter\View\View->CodeIgniter\View\{closure}()
 3 SYSTEMPATH\Common.php(1171): CodeIgniter\View\View->render('edit-persetujuan', [], true)
 4 APPPATH\Controllers\PersetujuanController.php(75): view('edit-persetujuan', [...])
 5 SYSTEMPATH\CodeIgniter.php(933): App\Controllers\PersetujuanController->edit('3')
 6 SYSTEMPATH\CodeIgniter.php(509): CodeIgniter\CodeIgniter->runController(Object(App\Controllers\PersetujuanController))
 7 SYSTEMPATH\CodeIgniter.php(355): CodeIgniter\CodeIgniter->handleRequest(null, Object(Config\Cache), false)
 8 SYSTEMPATH\Boot.php(325): CodeIgniter\CodeIgniter->run()
 9 SYSTEMPATH\Boot.php(67): CodeIgniter\Boot::runCodeIgniter(Object(CodeIgniter\CodeIgniter))
10 FCPATH\index.php(56): CodeIgniter\Boot::bootWeb(Object(Config\Paths))
11 SYSTEMPATH\rewrite.php(44): require_once('C:\\xampp\\htdocs\\surat_izin_rumdis\\public\\index.php')
CRITICAL - 2024-12-02 06:56:45 --> ErrorException: Undefined property: App\Controllers\PersetujuanController::$PermohonanModel
[Method: POST, Route: persetujuan/update/3]
in APPPATH\Controllers\PersetujuanController.php on line 94.
 1 APPPATH\Controllers\PersetujuanController.php(94): CodeIgniter\Debug\Exceptions->errorHandler(2, 'Undefined property: App\\Controllers\\PersetujuanController::$PermohonanModel', 'C:\\xampp\\htdocs\\surat_izin_rumdis\\app\\Controllers\\PersetujuanController.php', 94)
 2 SYSTEMPATH\CodeIgniter.php(933): App\Controllers\PersetujuanController->update('3')
 3 SYSTEMPATH\CodeIgniter.php(509): CodeIgniter\CodeIgniter->runController(Object(App\Controllers\PersetujuanController))
 4 SYSTEMPATH\CodeIgniter.php(355): CodeIgniter\CodeIgniter->handleRequest(null, Object(Config\Cache), false)
 5 SYSTEMPATH\Boot.php(325): CodeIgniter\CodeIgniter->run()
 6 SYSTEMPATH\Boot.php(67): CodeIgniter\Boot::runCodeIgniter(Object(CodeIgniter\CodeIgniter))
 7 FCPATH\index.php(56): CodeIgniter\Boot::bootWeb(Object(Config\Paths))
 8 SYSTEMPATH\rewrite.php(44): require_once('C:\\xampp\\htdocs\\surat_izin_rumdis\\public\\index.php')
INFO - 2024-12-02 06:58:58 --> Session: Class initialized using 'CodeIgniter\Session\Handlers\FileHandler' driver.
INFO - 2024-12-02 06:59:18 --> Session: Class initialized using 'CodeIgniter\Session\Handlers\FileHandler' driver.
WARNING - 2024-12-02 08:14:31 --> [DEPRECATED] htmlspecialchars(): Passing null to parameter #1 ($string) of type string is deprecated in APPPATH\Views\data-permohonan.php on line 95.
 1 APPPATH\Views\data-permohonan.php(95): htmlspecialchars(null)
 2 SYSTEMPATH\View\View.php(234): include('C:\\xampp\\htdocs\\surat_izin_rumdis\\app\\Views\\data-permohonan.php')
 3 SYSTEMPATH\View\View.php(237): CodeIgniter\View\View->CodeIgniter\View\{closure}()
 4 SYSTEMPATH\Common.php(1171): CodeIgniter\View\View->render('data-permohonan', [], true)
 5 APPPATH\Controllers\PermohonanController.php(31): view('data-permohonan', [...])
 6 SYSTEMPATH\CodeIgniter.php(933): App\Controllers\PermohonanController->index()
 7 SYSTEMPATH\CodeIgniter.php(509): CodeIgniter\CodeIgniter->runController(Object(App\Controllers\PermohonanController))
 8 SYSTEMPATH\CodeIgniter.php(355): CodeIgniter\CodeIgniter->handleRequest(null, Object(Config\Cache), false)
 9 SYSTEMPATH\Boot.php(325): CodeIgniter\CodeIgniter->run()
10 SYSTEMPATH\Boot.php(67): CodeIgniter\Boot::runCodeIgniter(Object(CodeIgniter\CodeIgniter))
11 FCPATH\index.php(56): CodeIgniter\Boot::bootWeb(Object(Config\Paths))
12 SYSTEMPATH\rewrite.php(44): require_once('C:\\xampp\\htdocs\\surat_izin_rumdis\\public\\index.php')
WARNING - 2024-12-02 08:22:31 --> [DEPRECATED] htmlspecialchars(): Passing null to parameter #1 ($string) of type string is deprecated in APPPATH\Views\data-permohonan.php on line 95.
 1 APPPATH\Views\data-permohonan.php(95): htmlspecialchars(null)
 2 SYSTEMPATH\View\View.php(234): include('C:\\xampp\\htdocs\\surat_izin_rumdis\\app\\Views\\data-permohonan.php')
 3 SYSTEMPATH\View\View.php(237): CodeIgniter\View\View->CodeIgniter\View\{closure}()
 4 SYSTEMPATH\Common.php(1171): CodeIgniter\View\View->render('data-permohonan', [], true)
 5 APPPATH\Controllers\PermohonanController.php(31): view('data-permohonan', [...])
 6 SYSTEMPATH\CodeIgniter.php(933): App\Controllers\PermohonanController->index()
 7 SYSTEMPATH\CodeIgniter.php(509): CodeIgniter\CodeIgniter->runController(Object(App\Controllers\PermohonanController))
 8 SYSTEMPATH\CodeIgniter.php(355): CodeIgniter\CodeIgniter->handleRequest(null, Object(Config\Cache), false)
 9 SYSTEMPATH\Boot.php(325): CodeIgniter\CodeIgniter->run()
10 SYSTEMPATH\Boot.php(67): CodeIgniter\Boot::runCodeIgniter(Object(CodeIgniter\CodeIgniter))
11 FCPATH\index.php(56): CodeIgniter\Boot::bootWeb(Object(Config\Paths))
12 SYSTEMPATH\rewrite.php(44): require_once('C:\\xampp\\htdocs\\surat_izin_rumdis\\public\\index.php')
INFO - 2024-12-02 09:21:27 --> Session: Class initialized using 'CodeIgniter\Session\Handlers\FileHandler' driver.
INFO - 2024-12-02 12:40:03 --> Session: Class initialized using 'CodeIgniter\Session\Handlers\FileHandler' driver.
WARNING - 2024-12-02 12:40:40 --> [DEPRECATED] htmlspecialchars(): Passing null to parameter #1 ($string) of type string is deprecated in APPPATH\Views\data-permohonan.php on line 95.
 1 APPPATH\Views\data-permohonan.php(95): htmlspecialchars(null)
 2 SYSTEMPATH\View\View.php(234): include('C:\\xampp\\htdocs\\surat_izin_rumdis\\app\\Views\\data-permohonan.php')
 3 SYSTEMPATH\View\View.php(237): CodeIgniter\View\View->CodeIgniter\View\{closure}()
 4 SYSTEMPATH\Common.php(1171): CodeIgniter\View\View->render('data-permohonan', [], true)
 5 APPPATH\Controllers\PermohonanController.php(31): view('data-permohonan', [...])
 6 SYSTEMPATH\CodeIgniter.php(933): App\Controllers\PermohonanController->index()
 7 SYSTEMPATH\CodeIgniter.php(509): CodeIgniter\CodeIgniter->runController(Object(App\Controllers\PermohonanController))
 8 SYSTEMPATH\CodeIgniter.php(355): CodeIgniter\CodeIgniter->handleRequest(null, Object(Config\Cache), false)
 9 SYSTEMPATH\Boot.php(325): CodeIgniter\CodeIgniter->run()
10 SYSTEMPATH\Boot.php(67): CodeIgniter\Boot::runCodeIgniter(Object(CodeIgniter\CodeIgniter))
11 FCPATH\index.php(56): CodeIgniter\Boot::bootWeb(Object(Config\Paths))
12 SYSTEMPATH\rewrite.php(44): require_once('C:\\xampp\\htdocs\\surat_izin_rumdis\\public\\index.php')
WARNING - 2024-12-02 12:45:50 --> [DEPRECATED] htmlspecialchars(): Passing null to parameter #1 ($string) of type string is deprecated in APPPATH\Views\data-permohonan.php on line 95.
 1 APPPATH\Views\data-permohonan.php(95): htmlspecialchars(null)
 2 SYSTEMPATH\View\View.php(234): include('C:\\xampp\\htdocs\\surat_izin_rumdis\\app\\Views\\data-permohonan.php')
 3 SYSTEMPATH\View\View.php(237): CodeIgniter\View\View->CodeIgniter\View\{closure}()
 4 SYSTEMPATH\Common.php(1171): CodeIgniter\View\View->render('data-permohonan', [], true)
 5 APPPATH\Controllers\PermohonanController.php(31): view('data-permohonan', [...])
 6 SYSTEMPATH\CodeIgniter.php(933): App\Controllers\PermohonanController->index()
 7 SYSTEMPATH\CodeIgniter.php(509): CodeIgniter\CodeIgniter->runController(Object(App\Controllers\PermohonanController))
 8 SYSTEMPATH\CodeIgniter.php(355): CodeIgniter\CodeIgniter->handleRequest(null, Object(Config\Cache), false)
 9 SYSTEMPATH\Boot.php(325): CodeIgniter\CodeIgniter->run()
10 SYSTEMPATH\Boot.php(67): CodeIgniter\Boot::runCodeIgniter(Object(CodeIgniter\CodeIgniter))
11 FCPATH\index.php(56): CodeIgniter\Boot::bootWeb(Object(Config\Paths))
12 SYSTEMPATH\rewrite.php(44): require_once('C:\\xampp\\htdocs\\surat_izin_rumdis\\public\\index.php')
WARNING - 2024-12-02 12:45:50 --> [DEPRECATED] htmlspecialchars(): Passing null to parameter #1 ($string) of type string is deprecated in APPPATH\Views\data-permohonan.php on line 95.
 1 APPPATH\Views\data-permohonan.php(95): htmlspecialchars(null)
 2 SYSTEMPATH\View\View.php(234): include('C:\\xampp\\htdocs\\surat_izin_rumdis\\app\\Views\\data-permohonan.php')
 3 SYSTEMPATH\View\View.php(237): CodeIgniter\View\View->CodeIgniter\View\{closure}()
 4 SYSTEMPATH\Common.php(1171): CodeIgniter\View\View->render('data-permohonan', [], true)
 5 APPPATH\Controllers\PermohonanController.php(31): view('data-permohonan', [...])
 6 SYSTEMPATH\CodeIgniter.php(933): App\Controllers\PermohonanController->index()
 7 SYSTEMPATH\CodeIgniter.php(509): CodeIgniter\CodeIgniter->runController(Object(App\Controllers\PermohonanController))
 8 SYSTEMPATH\CodeIgniter.php(355): CodeIgniter\CodeIgniter->handleRequest(null, Object(Config\Cache), false)
 9 SYSTEMPATH\Boot.php(325): CodeIgniter\CodeIgniter->run()
10 SYSTEMPATH\Boot.php(67): CodeIgniter\Boot::runCodeIgniter(Object(CodeIgniter\CodeIgniter))
11 FCPATH\index.php(56): CodeIgniter\Boot::bootWeb(Object(Config\Paths))
12 SYSTEMPATH\rewrite.php(44): require_once('C:\\xampp\\htdocs\\surat_izin_rumdis\\public\\index.php')
WARNING - 2024-12-02 12:45:50 --> [DEPRECATED] htmlspecialchars(): Passing null to parameter #1 ($string) of type string is deprecated in APPPATH\Views\data-permohonan.php on line 95.
 1 APPPATH\Views\data-permohonan.php(95): htmlspecialchars(null)
 2 SYSTEMPATH\View\View.php(234): include('C:\\xampp\\htdocs\\surat_izin_rumdis\\app\\Views\\data-permohonan.php')
 3 SYSTEMPATH\View\View.php(237): CodeIgniter\View\View->CodeIgniter\View\{closure}()
 4 SYSTEMPATH\Common.php(1171): CodeIgniter\View\View->render('data-permohonan', [], true)
 5 APPPATH\Controllers\PermohonanController.php(31): view('data-permohonan', [...])
 6 SYSTEMPATH\CodeIgniter.php(933): App\Controllers\PermohonanController->index()
 7 SYSTEMPATH\CodeIgniter.php(509): CodeIgniter\CodeIgniter->runController(Object(App\Controllers\PermohonanController))
 8 SYSTEMPATH\CodeIgniter.php(355): CodeIgniter\CodeIgniter->handleRequest(null, Object(Config\Cache), false)
 9 SYSTEMPATH\Boot.php(325): CodeIgniter\CodeIgniter->run()
10 SYSTEMPATH\Boot.php(67): CodeIgniter\Boot::runCodeIgniter(Object(CodeIgniter\CodeIgniter))
11 FCPATH\index.php(56): CodeIgniter\Boot::bootWeb(Object(Config\Paths))
12 SYSTEMPATH\rewrite.php(44): require_once('C:\\xampp\\htdocs\\surat_izin_rumdis\\public\\index.php')
WARNING - 2024-12-02 12:45:51 --> [DEPRECATED] htmlspecialchars(): Passing null to parameter #1 ($string) of type string is deprecated in APPPATH\Views\data-permohonan.php on line 95.
 1 APPPATH\Views\data-permohonan.php(95): htmlspecialchars(null)
 2 SYSTEMPATH\View\View.php(234): include('C:\\xampp\\htdocs\\surat_izin_rumdis\\app\\Views\\data-permohonan.php')
 3 SYSTEMPATH\View\View.php(237): CodeIgniter\View\View->CodeIgniter\View\{closure}()
 4 SYSTEMPATH\Common.php(1171): CodeIgniter\View\View->render('data-permohonan', [], true)
 5 APPPATH\Controllers\PermohonanController.php(31): view('data-permohonan', [...])
 6 SYSTEMPATH\CodeIgniter.php(933): App\Controllers\PermohonanController->index()
 7 SYSTEMPATH\CodeIgniter.php(509): CodeIgniter\CodeIgniter->runController(Object(App\Controllers\PermohonanController))
 8 SYSTEMPATH\CodeIgniter.php(355): CodeIgniter\CodeIgniter->handleRequest(null, Object(Config\Cache), false)
 9 SYSTEMPATH\Boot.php(325): CodeIgniter\CodeIgniter->run()
10 SYSTEMPATH\Boot.php(67): CodeIgniter\Boot::runCodeIgniter(Object(CodeIgniter\CodeIgniter))
11 FCPATH\index.php(56): CodeIgniter\Boot::bootWeb(Object(Config\Paths))
12 SYSTEMPATH\rewrite.php(44): require_once('C:\\xampp\\htdocs\\surat_izin_rumdis\\public\\index.php')
WARNING - 2024-12-02 12:49:30 --> [DEPRECATED] htmlspecialchars(): Passing null to parameter #1 ($string) of type string is deprecated in APPPATH\Views\data-permohonan.php on line 95.
 1 APPPATH\Views\data-permohonan.php(95): htmlspecialchars(null)
 2 SYSTEMPATH\View\View.php(234): include('C:\\xampp\\htdocs\\surat_izin_rumdis\\app\\Views\\data-permohonan.php')
 3 SYSTEMPATH\View\View.php(237): CodeIgniter\View\View->CodeIgniter\View\{closure}()
 4 SYSTEMPATH\Common.php(1171): CodeIgniter\View\View->render('data-permohonan', [], true)
 5 APPPATH\Controllers\PermohonanController.php(31): view('data-permohonan', [...])
 6 SYSTEMPATH\CodeIgniter.php(933): App\Controllers\PermohonanController->index()
 7 SYSTEMPATH\CodeIgniter.php(509): CodeIgniter\CodeIgniter->runController(Object(App\Controllers\PermohonanController))
 8 SYSTEMPATH\CodeIgniter.php(355): CodeIgniter\CodeIgniter->handleRequest(null, Object(Config\Cache), false)
 9 SYSTEMPATH\Boot.php(325): CodeIgniter\CodeIgniter->run()
10 SYSTEMPATH\Boot.php(67): CodeIgniter\Boot::runCodeIgniter(Object(CodeIgniter\CodeIgniter))
11 FCPATH\index.php(56): CodeIgniter\Boot::bootWeb(Object(Config\Paths))
12 SYSTEMPATH\rewrite.php(44): require_once('C:\\xampp\\htdocs\\surat_izin_rumdis\\public\\index.php')
INFO - 2024-12-02 12:50:03 --> Session: Class initialized using 'CodeIgniter\Session\Handlers\FileHandler' driver.
WARNING - 2024-12-02 12:50:16 --> [DEPRECATED] htmlspecialchars(): Passing null to parameter #1 ($string) of type string is deprecated in APPPATH\Views\data-permohonan.php on line 95.
 1 APPPATH\Views\data-permohonan.php(95): htmlspecialchars(null)
 2 SYSTEMPATH\View\View.php(234): include('C:\\xampp\\htdocs\\surat_izin_rumdis\\app\\Views\\data-permohonan.php')
 3 SYSTEMPATH\View\View.php(237): CodeIgniter\View\View->CodeIgniter\View\{closure}()
 4 SYSTEMPATH\Common.php(1171): CodeIgniter\View\View->render('data-permohonan', [], true)
 5 APPPATH\Controllers\PermohonanController.php(31): view('data-permohonan', [...])
 6 SYSTEMPATH\CodeIgniter.php(933): App\Controllers\PermohonanController->index()
 7 SYSTEMPATH\CodeIgniter.php(509): CodeIgniter\CodeIgniter->runController(Object(App\Controllers\PermohonanController))
 8 SYSTEMPATH\CodeIgniter.php(355): CodeIgniter\CodeIgniter->handleRequest(null, Object(Config\Cache), false)
 9 SYSTEMPATH\Boot.php(325): CodeIgniter\CodeIgniter->run()
10 SYSTEMPATH\Boot.php(67): CodeIgniter\Boot::runCodeIgniter(Object(CodeIgniter\CodeIgniter))
11 FCPATH\index.php(56): CodeIgniter\Boot::bootWeb(Object(Config\Paths))
12 SYSTEMPATH\rewrite.php(44): require_once('C:\\xampp\\htdocs\\surat_izin_rumdis\\public\\index.php')
WARNING - 2024-12-02 12:50:54 --> [DEPRECATED] htmlspecialchars(): Passing null to parameter #1 ($string) of type string is deprecated in APPPATH\Views\data-permohonan.php on line 95.
 1 APPPATH\Views\data-permohonan.php(95): htmlspecialchars(null)
 2 SYSTEMPATH\View\View.php(234): include('C:\\xampp\\htdocs\\surat_izin_rumdis\\app\\Views\\data-permohonan.php')
 3 SYSTEMPATH\View\View.php(237): CodeIgniter\View\View->CodeIgniter\View\{closure}()
 4 SYSTEMPATH\Common.php(1171): CodeIgniter\View\View->render('data-permohonan', [], true)
 5 APPPATH\Controllers\PermohonanController.php(31): view('data-permohonan', [...])
 6 SYSTEMPATH\CodeIgniter.php(933): App\Controllers\PermohonanController->index()
 7 SYSTEMPATH\CodeIgniter.php(509): CodeIgniter\CodeIgniter->runController(Object(App\Controllers\PermohonanController))
 8 SYSTEMPATH\CodeIgniter.php(355): CodeIgniter\CodeIgniter->handleRequest(null, Object(Config\Cache), false)
 9 SYSTEMPATH\Boot.php(325): CodeIgniter\CodeIgniter->run()
10 SYSTEMPATH\Boot.php(67): CodeIgniter\Boot::runCodeIgniter(Object(CodeIgniter\CodeIgniter))
11 FCPATH\index.php(56): CodeIgniter\Boot::bootWeb(Object(Config\Paths))
12 SYSTEMPATH\rewrite.php(44): require_once('C:\\xampp\\htdocs\\surat_izin_rumdis\\public\\index.php')
WARNING - 2024-12-02 13:05:07 --> [DEPRECATED] htmlspecialchars(): Passing null to parameter #1 ($string) of type string is deprecated in APPPATH\Views\data-permohonan.php on line 95.
 1 APPPATH\Views\data-permohonan.php(95): htmlspecialchars(null)
 2 SYSTEMPATH\View\View.php(234): include('C:\\xampp\\htdocs\\surat_izin_rumdis\\app\\Views\\data-permohonan.php')
 3 SYSTEMPATH\View\View.php(237): CodeIgniter\View\View->CodeIgniter\View\{closure}()
 4 SYSTEMPATH\Common.php(1171): CodeIgniter\View\View->render('data-permohonan', [], true)
 5 APPPATH\Controllers\PermohonanController.php(31): view('data-permohonan', [...])
 6 SYSTEMPATH\CodeIgniter.php(933): App\Controllers\PermohonanController->index()
 7 SYSTEMPATH\CodeIgniter.php(509): CodeIgniter\CodeIgniter->runController(Object(App\Controllers\PermohonanController))
 8 SYSTEMPATH\CodeIgniter.php(355): CodeIgniter\CodeIgniter->handleRequest(null, Object(Config\Cache), false)
 9 SYSTEMPATH\Boot.php(325): CodeIgniter\CodeIgniter->run()
10 SYSTEMPATH\Boot.php(67): CodeIgniter\Boot::runCodeIgniter(Object(CodeIgniter\CodeIgniter))
11 FCPATH\index.php(56): CodeIgniter\Boot::bootWeb(Object(Config\Paths))
12 SYSTEMPATH\rewrite.php(44): require_once('C:\\xampp\\htdocs\\surat_izin_rumdis\\public\\index.php')
WARNING - 2024-12-02 13:09:50 --> [DEPRECATED] htmlspecialchars(): Passing null to parameter #1 ($string) of type string is deprecated in APPPATH\Views\data-permohonan.php on line 95.
 1 APPPATH\Views\data-permohonan.php(95): htmlspecialchars(null)
 2 SYSTEMPATH\View\View.php(234): include('C:\\xampp\\htdocs\\surat_izin_rumdis\\app\\Views\\data-permohonan.php')
 3 SYSTEMPATH\View\View.php(237): CodeIgniter\View\View->CodeIgniter\View\{closure}()
 4 SYSTEMPATH\Common.php(1171): CodeIgniter\View\View->render('data-permohonan', [], true)
 5 APPPATH\Controllers\PermohonanController.php(31): view('data-permohonan', [...])
 6 SYSTEMPATH\CodeIgniter.php(933): App\Controllers\PermohonanController->index()
 7 SYSTEMPATH\CodeIgniter.php(509): CodeIgniter\CodeIgniter->runController(Object(App\Controllers\PermohonanController))
 8 SYSTEMPATH\CodeIgniter.php(355): CodeIgniter\CodeIgniter->handleRequest(null, Object(Config\Cache), false)
 9 SYSTEMPATH\Boot.php(325): CodeIgniter\CodeIgniter->run()
10 SYSTEMPATH\Boot.php(67): CodeIgniter\Boot::runCodeIgniter(Object(CodeIgniter\CodeIgniter))
11 FCPATH\index.php(56): CodeIgniter\Boot::bootWeb(Object(Config\Paths))
12 SYSTEMPATH\rewrite.php(44): require_once('C:\\xampp\\htdocs\\surat_izin_rumdis\\public\\index.php')
WARNING - 2024-12-02 13:11:54 --> [DEPRECATED] htmlspecialchars(): Passing null to parameter #1 ($string) of type string is deprecated in APPPATH\Views\data-permohonan.php on line 95.
 1 APPPATH\Views\data-permohonan.php(95): htmlspecialchars(null)
 2 SYSTEMPATH\View\View.php(234): include('C:\\xampp\\htdocs\\surat_izin_rumdis\\app\\Views\\data-permohonan.php')
 3 SYSTEMPATH\View\View.php(237): CodeIgniter\View\View->CodeIgniter\View\{closure}()
 4 SYSTEMPATH\Common.php(1171): CodeIgniter\View\View->render('data-permohonan', [], true)
 5 APPPATH\Controllers\PermohonanController.php(31): view('data-permohonan', [...])
 6 SYSTEMPATH\CodeIgniter.php(933): App\Controllers\PermohonanController->index()
 7 SYSTEMPATH\CodeIgniter.php(509): CodeIgniter\CodeIgniter->runController(Object(App\Controllers\PermohonanController))
 8 SYSTEMPATH\CodeIgniter.php(355): CodeIgniter\CodeIgniter->handleRequest(null, Object(Config\Cache), false)
 9 SYSTEMPATH\Boot.php(325): CodeIgniter\CodeIgniter->run()
10 SYSTEMPATH\Boot.php(67): CodeIgniter\Boot::runCodeIgniter(Object(CodeIgniter\CodeIgniter))
11 FCPATH\index.php(56): CodeIgniter\Boot::bootWeb(Object(Config\Paths))
12 SYSTEMPATH\rewrite.php(44): require_once('C:\\xampp\\htdocs\\surat_izin_rumdis\\public\\index.php')
WARNING - 2024-12-02 13:13:15 --> [DEPRECATED] htmlspecialchars(): Passing null to parameter #1 ($string) of type string is deprecated in APPPATH\Views\data-permohonan.php on line 95.
 1 APPPATH\Views\data-permohonan.php(95): htmlspecialchars(null)
 2 SYSTEMPATH\View\View.php(234): include('C:\\xampp\\htdocs\\surat_izin_rumdis\\app\\Views\\data-permohonan.php')
 3 SYSTEMPATH\View\View.php(237): CodeIgniter\View\View->CodeIgniter\View\{closure}()
 4 SYSTEMPATH\Common.php(1171): CodeIgniter\View\View->render('data-permohonan', [], true)
 5 APPPATH\Controllers\PermohonanController.php(31): view('data-permohonan', [...])
 6 SYSTEMPATH\CodeIgniter.php(933): App\Controllers\PermohonanController->index()
 7 SYSTEMPATH\CodeIgniter.php(509): CodeIgniter\CodeIgniter->runController(Object(App\Controllers\PermohonanController))
 8 SYSTEMPATH\CodeIgniter.php(355): CodeIgniter\CodeIgniter->handleRequest(null, Object(Config\Cache), false)
 9 SYSTEMPATH\Boot.php(325): CodeIgniter\CodeIgniter->run()
10 SYSTEMPATH\Boot.php(67): CodeIgniter\Boot::runCodeIgniter(Object(CodeIgniter\CodeIgniter))
11 FCPATH\index.php(56): CodeIgniter\Boot::bootWeb(Object(Config\Paths))
12 SYSTEMPATH\rewrite.php(44): require_once('C:\\xampp\\htdocs\\surat_izin_rumdis\\public\\index.php')
CRITICAL - 2024-12-02 13:31:28 --> ErrorException: Undefined variable $instansipemohon
[Method: GET, Route: instansipemohon/edit/1]
in APPPATH\Views\edit-instansipemohon.php on line 20.
 1 APPPATH\Views\edit-instansipemohon.php(20): CodeIgniter\Debug\Exceptions->errorHandler(2, 'Undefined variable $instansipemohon', 'C:\\xampp\\htdocs\\surat_izin_rumdis\\app\\Views\\edit-instansipemohon.php', 20)
 2 SYSTEMPATH\View\View.php(234): include('C:\\xampp\\htdocs\\surat_izin_rumdis\\app\\Views\\edit-instansipemohon.php')
 3 SYSTEMPATH\View\View.php(237): CodeIgniter\View\View->CodeIgniter\View\{closure}()
 4 SYSTEMPATH\Common.php(1171): CodeIgniter\View\View->render('edit-instansipemohon', [], true)
 5 APPPATH\Controllers\InstansiPemohonController.php(52): view('edit-instansipemohon', [...])
 6 SYSTEMPATH\CodeIgniter.php(933): App\Controllers\InstansiPemohonController->edit('1')
 7 SYSTEMPATH\CodeIgniter.php(509): CodeIgniter\CodeIgniter->runController(Object(App\Controllers\InstansiPemohonController))
 8 SYSTEMPATH\CodeIgniter.php(355): CodeIgniter\CodeIgniter->handleRequest(null, Object(Config\Cache), false)
 9 SYSTEMPATH\Boot.php(325): CodeIgniter\CodeIgniter->run()
10 SYSTEMPATH\Boot.php(67): CodeIgniter\Boot::runCodeIgniter(Object(CodeIgniter\CodeIgniter))
11 FCPATH\index.php(56): CodeIgniter\Boot::bootWeb(Object(Config\Paths))
12 SYSTEMPATH\rewrite.php(44): require_once('C:\\xampp\\htdocs\\surat_izin_rumdis\\public\\index.php')
CRITICAL - 2024-12-02 13:40:38 --> ErrorException: Undefined variable $instansipemohon
[Method: GET, Route: instansipemohon/edit/1]
in APPPATH\Views\edit-instansipemohon.php on line 20.
 1 APPPATH\Views\edit-instansipemohon.php(20): CodeIgniter\Debug\Exceptions->errorHandler(2, 'Undefined variable $instansipemohon', 'C:\\xampp\\htdocs\\surat_izin_rumdis\\app\\Views\\edit-instansipemohon.php', 20)
 2 SYSTEMPATH\View\View.php(234): include('C:\\xampp\\htdocs\\surat_izin_rumdis\\app\\Views\\edit-instansipemohon.php')
 3 SYSTEMPATH\View\View.php(237): CodeIgniter\View\View->CodeIgniter\View\{closure}()
 4 SYSTEMPATH\Common.php(1171): CodeIgniter\View\View->render('edit-instansipemohon', [], true)
 5 APPPATH\Controllers\InstansiPemohonController.php(52): view('edit-instansipemohon', [...])
 6 SYSTEMPATH\CodeIgniter.php(933): App\Controllers\InstansiPemohonController->edit('1')
 7 SYSTEMPATH\CodeIgniter.php(509): CodeIgniter\CodeIgniter->runController(Object(App\Controllers\InstansiPemohonController))
 8 SYSTEMPATH\CodeIgniter.php(355): CodeIgniter\CodeIgniter->handleRequest(null, Object(Config\Cache), false)
 9 SYSTEMPATH\Boot.php(325): CodeIgniter\CodeIgniter->run()
10 SYSTEMPATH\Boot.php(67): CodeIgniter\Boot::runCodeIgniter(Object(CodeIgniter\CodeIgniter))
11 FCPATH\index.php(56): CodeIgniter\Boot::bootWeb(Object(Config\Paths))
12 SYSTEMPATH\rewrite.php(44): require_once('C:\\xampp\\htdocs\\surat_izin_rumdis\\public\\index.php')
CRITICAL - 2024-12-02 13:47:20 --> ErrorException: Undefined variable $instansipemohon
[Method: GET, Route: instansipemohon/edit/1]
in APPPATH\Views\edit-instansipemohon.php on line 20.
 1 APPPATH\Views\edit-instansipemohon.php(20): CodeIgniter\Debug\Exceptions->errorHandler(2, 'Undefined variable $instansipemohon', 'C:\\xampp\\htdocs\\surat_izin_rumdis\\app\\Views\\edit-instansipemohon.php', 20)
 2 SYSTEMPATH\View\View.php(234): include('C:\\xampp\\htdocs\\surat_izin_rumdis\\app\\Views\\edit-instansipemohon.php')
 3 SYSTEMPATH\View\View.php(237): CodeIgniter\View\View->CodeIgniter\View\{closure}()
 4 SYSTEMPATH\Common.php(1171): CodeIgniter\View\View->render('edit-instansipemohon', [], true)
 5 APPPATH\Controllers\InstansiPemohonController.php(52): view('edit-instansipemohon', [...])
 6 SYSTEMPATH\CodeIgniter.php(933): App\Controllers\InstansiPemohonController->edit('1')
 7 SYSTEMPATH\CodeIgniter.php(509): CodeIgniter\CodeIgniter->runController(Object(App\Controllers\InstansiPemohonController))
 8 SYSTEMPATH\CodeIgniter.php(355): CodeIgniter\CodeIgniter->handleRequest(null, Object(Config\Cache), false)
 9 SYSTEMPATH\Boot.php(325): CodeIgniter\CodeIgniter->run()
10 SYSTEMPATH\Boot.php(67): CodeIgniter\Boot::runCodeIgniter(Object(CodeIgniter\CodeIgniter))
11 FCPATH\index.php(56): CodeIgniter\Boot::bootWeb(Object(Config\Paths))
12 SYSTEMPATH\rewrite.php(44): require_once('C:\\xampp\\htdocs\\surat_izin_rumdis\\public\\index.php')
CRITICAL - 2024-12-02 13:49:25 --> ErrorException: Undefined variable $instansipemohon
[Method: GET, Route: instansipemohon/edit/1]
in APPPATH\Views\edit-instansipemohon.php on line 20.
 1 APPPATH\Views\edit-instansipemohon.php(20): CodeIgniter\Debug\Exceptions->errorHandler(2, 'Undefined variable $instansipemohon', 'C:\\xampp\\htdocs\\surat_izin_rumdis\\app\\Views\\edit-instansipemohon.php', 20)
 2 SYSTEMPATH\View\View.php(234): include('C:\\xampp\\htdocs\\surat_izin_rumdis\\app\\Views\\edit-instansipemohon.php')
 3 SYSTEMPATH\View\View.php(237): CodeIgniter\View\View->CodeIgniter\View\{closure}()
 4 SYSTEMPATH\Common.php(1171): CodeIgniter\View\View->render('edit-instansipemohon', [], true)
 5 APPPATH\Controllers\InstansiPemohonController.php(52): view('edit-instansipemohon', [...])
 6 SYSTEMPATH\CodeIgniter.php(933): App\Controllers\InstansiPemohonController->edit('1')
 7 SYSTEMPATH\CodeIgniter.php(509): CodeIgniter\CodeIgniter->runController(Object(App\Controllers\InstansiPemohonController))
 8 SYSTEMPATH\CodeIgniter.php(355): CodeIgniter\CodeIgniter->handleRequest(null, Object(Config\Cache), false)
 9 SYSTEMPATH\Boot.php(325): CodeIgniter\CodeIgniter->run()
10 SYSTEMPATH\Boot.php(67): CodeIgniter\Boot::runCodeIgniter(Object(CodeIgniter\CodeIgniter))
11 FCPATH\index.php(56): CodeIgniter\Boot::bootWeb(Object(Config\Paths))
12 SYSTEMPATH\rewrite.php(44): require_once('C:\\xampp\\htdocs\\surat_izin_rumdis\\public\\index.php')
CRITICAL - 2024-12-02 13:50:17 --> ErrorException: Undefined variable $instansipemohon
[Method: GET, Route: instansipemohon/edit/1]
in APPPATH\Views\edit-instansipemohon.php on line 20.
 1 APPPATH\Views\edit-instansipemohon.php(20): CodeIgniter\Debug\Exceptions->errorHandler(2, 'Undefined variable $instansipemohon', 'C:\\xampp\\htdocs\\surat_izin_rumdis\\app\\Views\\edit-instansipemohon.php', 20)
 2 SYSTEMPATH\View\View.php(234): include('C:\\xampp\\htdocs\\surat_izin_rumdis\\app\\Views\\edit-instansipemohon.php')
 3 SYSTEMPATH\View\View.php(237): CodeIgniter\View\View->CodeIgniter\View\{closure}()
 4 SYSTEMPATH\Common.php(1171): CodeIgniter\View\View->render('edit-instansipemohon', [], true)
 5 APPPATH\Controllers\InstansiPemohonController.php(52): view('edit-instansipemohon', [...])
 6 SYSTEMPATH\CodeIgniter.php(933): App\Controllers\InstansiPemohonController->edit('1')
 7 SYSTEMPATH\CodeIgniter.php(509): CodeIgniter\CodeIgniter->runController(Object(App\Controllers\InstansiPemohonController))
 8 SYSTEMPATH\CodeIgniter.php(355): CodeIgniter\CodeIgniter->handleRequest(null, Object(Config\Cache), false)
 9 SYSTEMPATH\Boot.php(325): CodeIgniter\CodeIgniter->run()
10 SYSTEMPATH\Boot.php(67): CodeIgniter\Boot::runCodeIgniter(Object(CodeIgniter\CodeIgniter))
11 FCPATH\index.php(56): CodeIgniter\Boot::bootWeb(Object(Config\Paths))
12 SYSTEMPATH\rewrite.php(44): require_once('C:\\xampp\\htdocs\\surat_izin_rumdis\\public\\index.php')
WARNING - 2024-12-02 14:00:47 --> [DEPRECATED] htmlspecialchars(): Passing null to parameter #1 ($string) of type string is deprecated in APPPATH\Views\data-permohonan.php on line 95.
 1 APPPATH\Views\data-permohonan.php(95): htmlspecialchars(null)
 2 SYSTEMPATH\View\View.php(234): include('C:\\xampp\\htdocs\\surat_izin_rumdis\\app\\Views\\data-permohonan.php')
 3 SYSTEMPATH\View\View.php(237): CodeIgniter\View\View->CodeIgniter\View\{closure}()
 4 SYSTEMPATH\Common.php(1171): CodeIgniter\View\View->render('data-permohonan', [], true)
 5 APPPATH\Controllers\PermohonanController.php(31): view('data-permohonan', [...])
 6 SYSTEMPATH\CodeIgniter.php(933): App\Controllers\PermohonanController->index()
 7 SYSTEMPATH\CodeIgniter.php(509): CodeIgniter\CodeIgniter->runController(Object(App\Controllers\PermohonanController))
 8 SYSTEMPATH\CodeIgniter.php(355): CodeIgniter\CodeIgniter->handleRequest(null, Object(Config\Cache), false)
 9 SYSTEMPATH\Boot.php(325): CodeIgniter\CodeIgniter->run()
10 SYSTEMPATH\Boot.php(67): CodeIgniter\Boot::runCodeIgniter(Object(CodeIgniter\CodeIgniter))
11 FCPATH\index.php(56): CodeIgniter\Boot::bootWeb(Object(Config\Paths))
12 SYSTEMPATH\rewrite.php(44): require_once('C:\\xampp\\htdocs\\surat_izin_rumdis\\public\\index.php')
INFO - 2024-12-02 14:13:31 --> Session: Class initialized using 'CodeIgniter\Session\Handlers\FileHandler' driver.
