DEBUG - 2024-12-07 03:21:11 --> Google Auth URL: https://accounts.google.com/o/oauth2/v2/auth?response_type=code&access_type=online&client_id=330396029158-1mphe2b22nfr91du4r89q304nhurvenq.apps.googleusercontent.com&redirect_uri=http%3A%2F%2Flocalhost%3A8080%2FLoginProses&state&scope=https%3A%2F%2Fwww.googleapis.com%2Fauth%2Fuserinfo.email%20https%3A%2F%2Fwww.googleapis.com%2Fauth%2Fuserinfo.profile&approval_prompt=auto
INFO - 2024-12-07 03:24:08 --> Session: Class initialized using 'CodeIgniter\Session\Handlers\FileHandler' driver.
INFO - 2024-12-07 03:24:08 --> Session: Class initialized using 'CodeIgniter\Session\Handlers\FileHandler' driver.
CRITICAL - 2024-12-07 03:25:04 --> ParseError: syntax error, unexpected token "->", expecting identifier or variable or "{" or "$"
[Method: GET, Route: persetujuan]
in APPPATH\Controllers\PersetujuanController.php on line 33.
 1 SYSTEMPATH\Autoloader\Autoloader.php(296): CodeIgniter\Autoloader\Autoloader->includeFile('D:\\laragon\\www\\surat_izin_rumdis\\app\\Controllers\\PersetujuanController.php')
 2 SYSTEMPATH\Autoloader\Autoloader.php(272): CodeIgniter\Autoloader\Autoloader->loadInNamespace('App\\Controllers\\PersetujuanController')
 3 [internal function]: CodeIgniter\Autoloader\Autoloader->loadClass('App\\Controllers\\PersetujuanController')
 4 SYSTEMPATH\CodeIgniter.php(887): class_exists('\\App\\Controllers\\PersetujuanController', true)
 5 SYSTEMPATH\CodeIgniter.php(496): CodeIgniter\CodeIgniter->startController()
 6 SYSTEMPATH\CodeIgniter.php(355): CodeIgniter\CodeIgniter->handleRequest(null, Object(Config\Cache), false)
 7 SYSTEMPATH\Boot.php(325): CodeIgniter\CodeIgniter->run()
 8 SYSTEMPATH\Boot.php(67): CodeIgniter\Boot::runCodeIgniter(Object(CodeIgniter\CodeIgniter))
 9 FCPATH\index.php(56): CodeIgniter\Boot::bootWeb(Object(Config\Paths))
10 SYSTEMPATH\rewrite.php(44): require_once('D:\\laragon\\www\\surat_izin_rumdis\\public\\index.php')
INFO - 2024-12-07 03:39:15 --> Session: Class initialized using 'CodeIgniter\Session\Handlers\FileHandler' driver.
DEBUG - 2024-12-07 03:39:20 --> Google Auth URL: https://accounts.google.com/o/oauth2/v2/auth?response_type=code&access_type=online&client_id=330396029158-1mphe2b22nfr91du4r89q304nhurvenq.apps.googleusercontent.com&redirect_uri=http%3A%2F%2Flocalhost%3A8080%2FLoginProses&state&scope=https%3A%2F%2Fwww.googleapis.com%2Fauth%2Fuserinfo.email%20https%3A%2F%2Fwww.googleapis.com%2Fauth%2Fuserinfo.profile&approval_prompt=auto
INFO - 2024-12-07 03:39:31 --> Session: Class initialized using 'CodeIgniter\Session\Handlers\FileHandler' driver.
CRITICAL - 2024-12-07 04:01:21 --> ErrorException: Undefined property: App\Controllers\Home::$InstansiPemohonModel
[Method: GET, Route: daftar]
in APPPATH\Controllers\Home.php on line 127.
 1 APPPATH\Controllers\Home.php(127): CodeIgniter\Debug\Exceptions->errorHandler(2, 'Undefined property: App\\Controllers\\Home::$InstansiPemohonModel', 'D:\\laragon\\www\\surat_izin_rumdis\\app\\Controllers\\Home.php', 127)
 2 SYSTEMPATH\CodeIgniter.php(933): App\Controllers\Home->daftar()
 3 SYSTEMPATH\CodeIgniter.php(509): CodeIgniter\CodeIgniter->runController(Object(App\Controllers\Home))
 4 SYSTEMPATH\CodeIgniter.php(355): CodeIgniter\CodeIgniter->handleRequest(null, Object(Config\Cache), false)
 5 SYSTEMPATH\Boot.php(325): CodeIgniter\CodeIgniter->run()
 6 SYSTEMPATH\Boot.php(67): CodeIgniter\Boot::runCodeIgniter(Object(CodeIgniter\CodeIgniter))
 7 FCPATH\index.php(56): CodeIgniter\Boot::bootWeb(Object(Config\Paths))
 8 SYSTEMPATH\rewrite.php(44): require_once('D:\\laragon\\www\\surat_izin_rumdis\\public\\index.php')
CRITICAL - 2024-12-07 04:02:18 --> ErrorException: Undefined variable $asn
[Method: GET, Route: daftar]
in APPPATH\Views\daftar.php on line 20.
 1 APPPATH\Views\daftar.php(20): CodeIgniter\Debug\Exceptions->errorHandler(2, 'Undefined variable $asn', 'D:\\laragon\\www\\surat_izin_rumdis\\app\\Views\\daftar.php', 20)
 2 SYSTEMPATH\View\View.php(234): include('D:\\laragon\\www\\surat_izin_rumdis\\app\\Views\\daftar.php')
 3 SYSTEMPATH\View\View.php(237): CodeIgniter\View\View->CodeIgniter\View\{closure}()
 4 SYSTEMPATH\Common.php(1171): CodeIgniter\View\View->render('daftar', [], true)
 5 APPPATH\Controllers\Home.php(135): view('daftar', [...])
 6 SYSTEMPATH\CodeIgniter.php(933): App\Controllers\Home->daftar()
 7 SYSTEMPATH\CodeIgniter.php(509): CodeIgniter\CodeIgniter->runController(Object(App\Controllers\Home))
 8 SYSTEMPATH\CodeIgniter.php(355): CodeIgniter\CodeIgniter->handleRequest(null, Object(Config\Cache), false)
 9 SYSTEMPATH\Boot.php(325): CodeIgniter\CodeIgniter->run()
10 SYSTEMPATH\Boot.php(67): CodeIgniter\Boot::runCodeIgniter(Object(CodeIgniter\CodeIgniter))
11 FCPATH\index.php(56): CodeIgniter\Boot::bootWeb(Object(Config\Paths))
12 SYSTEMPATH\rewrite.php(44): require_once('D:\\laragon\\www\\surat_izin_rumdis\\public\\index.php')
CRITICAL - 2024-12-07 04:02:54 --> ErrorException: Undefined variable $asn
[Method: GET, Route: daftar]
in APPPATH\Views\daftar.php on line 23.
 1 APPPATH\Views\daftar.php(23): CodeIgniter\Debug\Exceptions->errorHandler(2, 'Undefined variable $asn', 'D:\\laragon\\www\\surat_izin_rumdis\\app\\Views\\daftar.php', 23)
 2 SYSTEMPATH\View\View.php(234): include('D:\\laragon\\www\\surat_izin_rumdis\\app\\Views\\daftar.php')
 3 SYSTEMPATH\View\View.php(237): CodeIgniter\View\View->CodeIgniter\View\{closure}()
 4 SYSTEMPATH\Common.php(1171): CodeIgniter\View\View->render('daftar', [], true)
 5 APPPATH\Controllers\Home.php(135): view('daftar', [...])
 6 SYSTEMPATH\CodeIgniter.php(933): App\Controllers\Home->daftar()
 7 SYSTEMPATH\CodeIgniter.php(509): CodeIgniter\CodeIgniter->runController(Object(App\Controllers\Home))
 8 SYSTEMPATH\CodeIgniter.php(355): CodeIgniter\CodeIgniter->handleRequest(null, Object(Config\Cache), false)
 9 SYSTEMPATH\Boot.php(325): CodeIgniter\CodeIgniter->run()
10 SYSTEMPATH\Boot.php(67): CodeIgniter\Boot::runCodeIgniter(Object(CodeIgniter\CodeIgniter))
11 FCPATH\index.php(56): CodeIgniter\Boot::bootWeb(Object(Config\Paths))
12 SYSTEMPATH\rewrite.php(44): require_once('D:\\laragon\\www\\surat_izin_rumdis\\public\\index.php')
INFO - 2024-12-07 04:04:57 --> Session: Class initialized using 'CodeIgniter\Session\Handlers\FileHandler' driver.
INFO - 2024-12-07 04:05:05 --> Session: Class initialized using 'CodeIgniter\Session\Handlers\FileHandler' driver.
INFO - 2024-12-07 04:05:24 --> Session: Class initialized using 'CodeIgniter\Session\Handlers\FileHandler' driver.
INFO - 2024-12-07 04:08:52 --> Session: Class initialized using 'CodeIgniter\Session\Handlers\FileHandler' driver.
INFO - 2024-12-07 04:09:47 --> Session: Class initialized using 'CodeIgniter\Session\Handlers\FileHandler' driver.
INFO - 2024-12-07 04:10:11 --> Session: Class initialized using 'CodeIgniter\Session\Handlers\FileHandler' driver.
INFO - 2024-12-07 04:10:57 --> Session: Class initialized using 'CodeIgniter\Session\Handlers\FileHandler' driver.
ERROR - 2024-12-07 04:11:37 --> mysqli_sql_exception: Column 'id_golonganpangkat' cannot be null in D:\laragon\www\surat_izin_rumdis\system\Database\MySQLi\Connection.php:312
Stack trace:
#0 D:\laragon\www\surat_izin_rumdis\system\Database\MySQLi\Connection.php(312): mysqli->query('INSERT INTO `as...', 0)
#1 D:\laragon\www\surat_izin_rumdis\system\Database\BaseConnection.php(734): CodeIgniter\Database\MySQLi\Connection->execute('INSERT INTO `as...')
#2 D:\laragon\www\surat_izin_rumdis\system\Database\BaseConnection.php(648): CodeIgniter\Database\BaseConnection->simpleQuery('INSERT INTO `as...')
#3 D:\laragon\www\surat_izin_rumdis\system\Database\BaseBuilder.php(2340): CodeIgniter\Database\BaseConnection->query('INSERT INTO `as...', Array, false)
#4 D:\laragon\www\surat_izin_rumdis\system\Model.php(394): CodeIgniter\Database\BaseBuilder->insert()
#5 D:\laragon\www\surat_izin_rumdis\system\BaseModel.php(840): CodeIgniter\Model->doInsert(Array)
#6 D:\laragon\www\surat_izin_rumdis\system\Model.php(802): CodeIgniter\BaseModel->insert(Array, false)
#7 D:\laragon\www\surat_izin_rumdis\system\BaseModel.php(751): CodeIgniter\Model->insert(Array, false)
#8 D:\laragon\www\surat_izin_rumdis\app\Controllers\Home.php(114): CodeIgniter\BaseModel->save(Array)
#9 D:\laragon\www\surat_izin_rumdis\system\CodeIgniter.php(933): App\Controllers\Home->daftar_simpan()
#10 D:\laragon\www\surat_izin_rumdis\system\CodeIgniter.php(509): CodeIgniter\CodeIgniter->runController(Object(App\Controllers\Home))
#11 D:\laragon\www\surat_izin_rumdis\system\CodeIgniter.php(355): CodeIgniter\CodeIgniter->handleRequest(NULL, Object(Config\Cache), false)
#12 D:\laragon\www\surat_izin_rumdis\system\Boot.php(325): CodeIgniter\CodeIgniter->run()
#13 D:\laragon\www\surat_izin_rumdis\system\Boot.php(67): CodeIgniter\Boot::runCodeIgniter(Object(CodeIgniter\CodeIgniter))
#14 D:\laragon\www\surat_izin_rumdis\public\index.php(56): CodeIgniter\Boot::bootWeb(Object(Config\Paths))
#15 D:\laragon\www\surat_izin_rumdis\system\rewrite.php(44): require_once('D:\\laragon\\www\\...')
#16 {main}
CRITICAL - 2024-12-07 04:11:37 --> CodeIgniter\Database\Exceptions\DatabaseException: Column 'id_golonganpangkat' cannot be null
[Method: POST, Route: daftar/asn]
in SYSTEMPATH\Database\BaseConnection.php on line 688.
 1 SYSTEMPATH\Database\BaseBuilder.php(2340): CodeIgniter\Database\BaseConnection->query('INSERT INTO `asn` (`nama`, `gelar_depan`, `gelar_belakang`, `nip`, `no_ktp`, `no_kk`, `npwp`, `alamat`, `no_hp`, `id_instansipemohon`, `id_golonganpangkat`, `jabatan`, `gaji_pokok`, `id_login`) VALUES (:nama:, :gelar_depan:, :gelar_belakang:, :nip:, :no_ktp:, :no_kk:, :npwp:, :alamat:, :no_hp:, :id_instansipemohon:, :id_golonganpangkat:, :jabatan:, :gaji_pokok:, :id_login:)', [...], false)
 2 SYSTEMPATH\Model.php(394): CodeIgniter\Database\BaseBuilder->insert()
 3 SYSTEMPATH\BaseModel.php(840): CodeIgniter\Model->doInsert([...])
 4 SYSTEMPATH\Model.php(802): CodeIgniter\BaseModel->insert([...], false)
 5 SYSTEMPATH\BaseModel.php(751): CodeIgniter\Model->insert([...], false)
 6 APPPATH\Controllers\Home.php(114): CodeIgniter\BaseModel->save([...])
 7 SYSTEMPATH\CodeIgniter.php(933): App\Controllers\Home->daftar_simpan()
 8 SYSTEMPATH\CodeIgniter.php(509): CodeIgniter\CodeIgniter->runController(Object(App\Controllers\Home))
 9 SYSTEMPATH\CodeIgniter.php(355): CodeIgniter\CodeIgniter->handleRequest(null, Object(Config\Cache), false)
10 SYSTEMPATH\Boot.php(325): CodeIgniter\CodeIgniter->run()
11 SYSTEMPATH\Boot.php(67): CodeIgniter\Boot::runCodeIgniter(Object(CodeIgniter\CodeIgniter))
12 FCPATH\index.php(56): CodeIgniter\Boot::bootWeb(Object(Config\Paths))
13 SYSTEMPATH\rewrite.php(44): require_once('D:\\laragon\\www\\surat_izin_rumdis\\public\\index.php')
CRITICAL - 2024-12-07 04:11:37 --> [Caused by] CodeIgniter\Database\Exceptions\DatabaseException: Column 'id_golonganpangkat' cannot be null
in SYSTEMPATH\Database\MySQLi\Connection.php on line 317.
 1 SYSTEMPATH\Database\BaseConnection.php(734): CodeIgniter\Database\MySQLi\Connection->execute('INSERT INTO `asn` (`nama`, `gelar_depan`, `gelar_belakang`, `nip`, `no_ktp`, `no_kk`, `npwp`, `alamat`, `no_hp`, `id_instansipemohon`, `id_golonganpangkat`, `jabatan`, `gaji_pokok`, `id_login`) VALUES (\'baihaki\', \'Dr\', \'P.Hd\', \'123456765432345632\', \'1234564321234565\', \'1111111111111111\', \'3245324554\', \'pelaihari\', \'3456565\', \'1\', NULL, \'Sekretaris\', \'Rp 1.231\', \'4\')')
 2 SYSTEMPATH\Database\BaseConnection.php(648): CodeIgniter\Database\BaseConnection->simpleQuery('INSERT INTO `asn` (`nama`, `gelar_depan`, `gelar_belakang`, `nip`, `no_ktp`, `no_kk`, `npwp`, `alamat`, `no_hp`, `id_instansipemohon`, `id_golonganpangkat`, `jabatan`, `gaji_pokok`, `id_login`) VALUES (\'baihaki\', \'Dr\', \'P.Hd\', \'123456765432345632\', \'1234564321234565\', \'1111111111111111\', \'3245324554\', \'pelaihari\', \'3456565\', \'1\', NULL, \'Sekretaris\', \'Rp 1.231\', \'4\')')
 3 SYSTEMPATH\Database\BaseBuilder.php(2340): CodeIgniter\Database\BaseConnection->query('INSERT INTO `asn` (`nama`, `gelar_depan`, `gelar_belakang`, `nip`, `no_ktp`, `no_kk`, `npwp`, `alamat`, `no_hp`, `id_instansipemohon`, `id_golonganpangkat`, `jabatan`, `gaji_pokok`, `id_login`) VALUES (:nama:, :gelar_depan:, :gelar_belakang:, :nip:, :no_ktp:, :no_kk:, :npwp:, :alamat:, :no_hp:, :id_instansipemohon:, :id_golonganpangkat:, :jabatan:, :gaji_pokok:, :id_login:)', [...], false)
 4 SYSTEMPATH\Model.php(394): CodeIgniter\Database\BaseBuilder->insert()
 5 SYSTEMPATH\BaseModel.php(840): CodeIgniter\Model->doInsert([...])
 6 SYSTEMPATH\Model.php(802): CodeIgniter\BaseModel->insert([...], false)
 7 SYSTEMPATH\BaseModel.php(751): CodeIgniter\Model->insert([...], false)
 8 APPPATH\Controllers\Home.php(114): CodeIgniter\BaseModel->save([...])
 9 SYSTEMPATH\CodeIgniter.php(933): App\Controllers\Home->daftar_simpan()
10 SYSTEMPATH\CodeIgniter.php(509): CodeIgniter\CodeIgniter->runController(Object(App\Controllers\Home))
11 SYSTEMPATH\CodeIgniter.php(355): CodeIgniter\CodeIgniter->handleRequest(null, Object(Config\Cache), false)
12 SYSTEMPATH\Boot.php(325): CodeIgniter\CodeIgniter->run()
13 SYSTEMPATH\Boot.php(67): CodeIgniter\Boot::runCodeIgniter(Object(CodeIgniter\CodeIgniter))
14 FCPATH\index.php(56): CodeIgniter\Boot::bootWeb(Object(Config\Paths))
15 SYSTEMPATH\rewrite.php(44): require_once('D:\\laragon\\www\\surat_izin_rumdis\\public\\index.php')
CRITICAL - 2024-12-07 04:11:37 --> [Caused by] mysqli_sql_exception: Column 'id_golonganpangkat' cannot be null
in SYSTEMPATH\Database\MySQLi\Connection.php on line 312.
 1 SYSTEMPATH\Database\MySQLi\Connection.php(312): mysqli->query('INSERT INTO `asn` (`nama`, `gelar_depan`, `gelar_belakang`, `nip`, `no_ktp`, `no_kk`, `npwp`, `alamat`, `no_hp`, `id_instansipemohon`, `id_golonganpangkat`, `jabatan`, `gaji_pokok`, `id_login`) VALUES (\'baihaki\', \'Dr\', \'P.Hd\', \'123456765432345632\', \'1234564321234565\', \'1111111111111111\', \'3245324554\', \'pelaihari\', \'3456565\', \'1\', NULL, \'Sekretaris\', \'Rp 1.231\', \'4\')', 0)
 2 SYSTEMPATH\Database\BaseConnection.php(734): CodeIgniter\Database\MySQLi\Connection->execute('INSERT INTO `asn` (`nama`, `gelar_depan`, `gelar_belakang`, `nip`, `no_ktp`, `no_kk`, `npwp`, `alamat`, `no_hp`, `id_instansipemohon`, `id_golonganpangkat`, `jabatan`, `gaji_pokok`, `id_login`) VALUES (\'baihaki\', \'Dr\', \'P.Hd\', \'123456765432345632\', \'1234564321234565\', \'1111111111111111\', \'3245324554\', \'pelaihari\', \'3456565\', \'1\', NULL, \'Sekretaris\', \'Rp 1.231\', \'4\')')
 3 SYSTEMPATH\Database\BaseConnection.php(648): CodeIgniter\Database\BaseConnection->simpleQuery('INSERT INTO `asn` (`nama`, `gelar_depan`, `gelar_belakang`, `nip`, `no_ktp`, `no_kk`, `npwp`, `alamat`, `no_hp`, `id_instansipemohon`, `id_golonganpangkat`, `jabatan`, `gaji_pokok`, `id_login`) VALUES (\'baihaki\', \'Dr\', \'P.Hd\', \'123456765432345632\', \'1234564321234565\', \'1111111111111111\', \'3245324554\', \'pelaihari\', \'3456565\', \'1\', NULL, \'Sekretaris\', \'Rp 1.231\', \'4\')')
 4 SYSTEMPATH\Database\BaseBuilder.php(2340): CodeIgniter\Database\BaseConnection->query('INSERT INTO `asn` (`nama`, `gelar_depan`, `gelar_belakang`, `nip`, `no_ktp`, `no_kk`, `npwp`, `alamat`, `no_hp`, `id_instansipemohon`, `id_golonganpangkat`, `jabatan`, `gaji_pokok`, `id_login`) VALUES (:nama:, :gelar_depan:, :gelar_belakang:, :nip:, :no_ktp:, :no_kk:, :npwp:, :alamat:, :no_hp:, :id_instansipemohon:, :id_golonganpangkat:, :jabatan:, :gaji_pokok:, :id_login:)', [...], false)
 5 SYSTEMPATH\Model.php(394): CodeIgniter\Database\BaseBuilder->insert()
 6 SYSTEMPATH\BaseModel.php(840): CodeIgniter\Model->doInsert([...])
 7 SYSTEMPATH\Model.php(802): CodeIgniter\BaseModel->insert([...], false)
 8 SYSTEMPATH\BaseModel.php(751): CodeIgniter\Model->insert([...], false)
 9 APPPATH\Controllers\Home.php(114): CodeIgniter\BaseModel->save([...])
10 SYSTEMPATH\CodeIgniter.php(933): App\Controllers\Home->daftar_simpan()
11 SYSTEMPATH\CodeIgniter.php(509): CodeIgniter\CodeIgniter->runController(Object(App\Controllers\Home))
12 SYSTEMPATH\CodeIgniter.php(355): CodeIgniter\CodeIgniter->handleRequest(null, Object(Config\Cache), false)
13 SYSTEMPATH\Boot.php(325): CodeIgniter\CodeIgniter->run()
14 SYSTEMPATH\Boot.php(67): CodeIgniter\Boot::runCodeIgniter(Object(CodeIgniter\CodeIgniter))
15 FCPATH\index.php(56): CodeIgniter\Boot::bootWeb(Object(Config\Paths))
16 SYSTEMPATH\rewrite.php(44): require_once('D:\\laragon\\www\\surat_izin_rumdis\\public\\index.php')
INFO - 2024-12-07 04:12:46 --> Session: Class initialized using 'CodeIgniter\Session\Handlers\FileHandler' driver.
INFO - 2024-12-07 04:12:57 --> Session: Class initialized using 'CodeIgniter\Session\Handlers\FileHandler' driver.
INFO - 2024-12-07 04:12:58 --> Session: Class initialized using 'CodeIgniter\Session\Handlers\FileHandler' driver.
INFO - 2024-12-07 04:14:08 --> Session: Class initialized using 'CodeIgniter\Session\Handlers\FileHandler' driver.
CRITICAL - 2024-12-07 04:14:13 --> ParseError: syntax error, unexpected token "->", expecting identifier or variable or "{" or "$"
[Method: GET, Route: status]
in APPPATH\Controllers\PersetujuanController.php on line 33.
 1 SYSTEMPATH\Autoloader\Autoloader.php(296): CodeIgniter\Autoloader\Autoloader->includeFile('D:\\laragon\\www\\surat_izin_rumdis\\app\\Controllers\\PersetujuanController.php')
 2 SYSTEMPATH\Autoloader\Autoloader.php(272): CodeIgniter\Autoloader\Autoloader->loadInNamespace('App\\Controllers\\PersetujuanController')
 3 [internal function]: CodeIgniter\Autoloader\Autoloader->loadClass('App\\Controllers\\PersetujuanController')
 4 SYSTEMPATH\CodeIgniter.php(887): class_exists('\\App\\Controllers\\PersetujuanController', true)
 5 SYSTEMPATH\CodeIgniter.php(496): CodeIgniter\CodeIgniter->startController()
 6 SYSTEMPATH\CodeIgniter.php(355): CodeIgniter\CodeIgniter->handleRequest(null, Object(Config\Cache), false)
 7 SYSTEMPATH\Boot.php(325): CodeIgniter\CodeIgniter->run()
 8 SYSTEMPATH\Boot.php(67): CodeIgniter\Boot::runCodeIgniter(Object(CodeIgniter\CodeIgniter))
 9 FCPATH\index.php(56): CodeIgniter\Boot::bootWeb(Object(Config\Paths))
10 SYSTEMPATH\rewrite.php(44): require_once('D:\\laragon\\www\\surat_izin_rumdis\\public\\index.php')
INFO - 2024-12-07 04:14:15 --> Session: Class initialized using 'CodeIgniter\Session\Handlers\FileHandler' driver.
INFO - 2024-12-07 04:15:01 --> Session: Class initialized using 'CodeIgniter\Session\Handlers\FileHandler' driver.
INFO - 2024-12-07 04:15:56 --> Session: Class initialized using 'CodeIgniter\Session\Handlers\FileHandler' driver.
INFO - 2024-12-07 04:16:09 --> Session: Class initialized using 'CodeIgniter\Session\Handlers\FileHandler' driver.
INFO - 2024-12-07 04:17:05 --> Session: Class initialized using 'CodeIgniter\Session\Handlers\FileHandler' driver.
INFO - 2024-12-07 04:17:06 --> Session: Class initialized using 'CodeIgniter\Session\Handlers\FileHandler' driver.
DEBUG - 2024-12-07 04:17:07 --> Google Auth URL: https://accounts.google.com/o/oauth2/v2/auth?response_type=code&access_type=online&client_id=330396029158-1mphe2b22nfr91du4r89q304nhurvenq.apps.googleusercontent.com&redirect_uri=http%3A%2F%2Flocalhost%3A8080%2FLoginProses&state&scope=https%3A%2F%2Fwww.googleapis.com%2Fauth%2Fuserinfo.email%20https%3A%2F%2Fwww.googleapis.com%2Fauth%2Fuserinfo.profile&approval_prompt=auto
